43.9891
37.1945
31.1397
26.3555
23.6275
21.5155
20.2774
18.8905
17.1479
16.1308
15.1984
14.0446
13.241
11.8486
10.5916
9.7941
9.36293
9.07923
8.77732
8.34119
8.07813
7.78857
7.57193
7.39146
7.15094
6.81266
6.61892
6.53786
6.50179
6.4836
6.43511
6.34294
6.30064
6.29332
6.28653
6.28319
6.28319
6.28319
6.28319
6.28319
6.28319
6.28319
6.28319
6.28319
6.28319
6.28319
6.28319
6.28319
6.28319
6.28319
6.28319
6.28319
6.28319
6.28319
6.28319
6.28319
6.28319
6.28319
6.28319
6.28319
6.28319
6.28319
6.28319
6.28319
6.28319
6.28319
6.28319
6.28319
6.28319
6.28319
6.28319
6.28319
6.28319
6.28319
6.28319
6.28319
6.28319
6.28319
6.28319
6.28319
6.28319
6.28319
6.28319
6.28319
6.28319
6.28319
6.28319
6.28319
6.28319
6.28319
6.28319
6.28319
6.28319
6.28319
6.28319
6.28319
6.28319
6.28319
6.28319
6.28319
6.28319
