33.4975
27.5871
24.5452
21.666
20.66
19.2997
17.7009
16.4665
15.5933
14.0381
13.4591
12.6083
10.4286
10.0401
9.46105
9.07644
8.87159
8.1874
8.17371
7.78905
7.60492
7.43066
7.2706
6.77918
6.60492
6.52775
6.49929
6.48053
6.47613
6.31922
6.29605
6.29605
6.28319
6.28319
6.28319
6.28319
6.28319
6.28319
6.28319
6.28319
6.28319
6.28319
6.28319
6.28319
6.28319
6.28319
6.28319
6.28319
6.28319
6.28319
6.28319
6.28319
6.28319
6.28319
6.28319
6.28319
6.28319
6.28319
6.28319
6.28319
6.28319
6.28319
6.28319
6.28319
6.28319
6.28319
6.28319
6.28319
6.28319
6.28319
6.28319
6.28319
6.28319
6.28319
6.28319
6.28319
6.28319
6.28319
6.28319
6.28319
6.28319
6.28319
6.28319
6.28319
6.28319
6.28319
6.28319
6.28319
6.28319
6.28319
6.28319
6.28319
6.28319
6.28319
6.28319
6.28319
6.28319
6.28319
6.28319
6.28319
6.28319
