0.194797   -0.323578   0.0154463
0.436   -0.255382   -0.424222
0.314587   0.261189   0.330305
-0.321065   -0.224781   0.417269
-0.242266   -0.107161   -0.0385245
0.0587651   -0.246588   0.409226
0.316656   0.422346   -0.00590769
0.396775   0.20805   0.216603
0.154745   0.129346   0.242062
-0.440351   0.0159959   -0.496907
-0.415293   -0.27932   -0.13596
0.118215   -0.479933   -0.104607
-0.130451   0.355908   -0.134583
0.198504   0.0820307   -0.0609528
-0.119544   -0.473431   -0.11236
-0.423595   -0.208478   0.422046
0.113233   -0.0388431   0.476875
0.354861   0.0855231   0.0206004
0.349975   0.314117   0.0283412
0.239232   -0.317879   -0.312917
0.253574   0.435026   -0.364767
0.170986   -0.429259   -0.0453778
0.107749   -0.296047   -0.394075
-0.263698   0.0911088   -0.0281247
-0.351465   0.428057   0.143159
0.00779589   -0.0337101   -0.0747088
0.362176   -0.0441576   -0.355251
0.311622   -0.289974   0.323124
-0.404378   -0.432886   -0.189717
-0.385502   0.289597   -0.459101
-0.484466   0.0278476   -0.0211418
-0.445949   -0.118406   -0.263104
-0.465251   0.404874   -0.405147
-0.398047   -0.340636   -0.0765585
-0.17443   0.182564   -0.32559
-0.227842   0.33376   0.395744
0.485433   0.0106088   -0.397651
-0.453058   0.112478   -0.440523
-0.0324902   -0.185153   0.0293859
0.376051   -0.274214   0.239052
-0.199718   -0.174771   0.414144
0.272921   -0.250151   -0.0239642
-0.441279   0.263265   0.156205
-0.0460615   -0.340509   -0.196035
0.0424558   0.193262   0.486475
0.355589   -0.130839   -0.231607
0.268684   0.46562   -0.255467
0.325151   0.169922   0.211128
0.0966174   -0.385901   -0.102875
-0.176992   -0.440109   0.255974
-0.0148153   0.187736   -0.0568841
0.132565   -0.380647   0.0424016
0.311393   -0.32641   -0.232161
0.228653   -0.372437   -0.0509897
0.401548   0.277456   0.140217
-0.306447   0.426188   -0.115216
0.0233699   0.0714094   0.1164
0.329015   -0.123093   -0.373084
0.327743   0.147207   0.328571
0.340619   -0.00336466   -0.186214
0.0669476   0.460216   0.492594
0.318039   -0.180862   0.000374001
-0.0594292   0.0656369   -0.0836726
0.357853   -0.296206   -0.093721
-0.321901   -0.462533   -0.25054
-0.0372863   -0.102469   -0.0458875
0.401957   0.443467   0.00257624
-0.259215   -0.342644   -0.118078
-0.386393   0.431503   0.439014
0.476526   -0.255816   0.274043
-0.439788   -0.0210642   0.0647476
0.388771   0.0661956   -0.48393
-0.337481   -0.328888   -0.275622
0.245384   0.0303183   -0.103766
-0.0478241   0.223034   -0.368305
0.196416   -0.298958   -0.105819
-0.0893244   -0.446672   0.451059
0.104174   -0.436003   -0.175184
-0.267348   0.0885794   -0.107096
0.373294   -0.117241   0.0663289
-0.298543   -0.395285   -0.197883
-0.159946   0.278445   -0.34974
-0.0690474   -0.341532   0.377796
-0.399157   -0.0747372   0.136304
-0.242391   0.0895279   0.209233
0.095426   0.0320696   0.429559
-0.460853   0.114168   -0.00675831
-0.221268   0.385703   0.125052
0.126849   0.496033   0.00298079
0.49262   0.427691   0.0206873
0.113871   0.0747728   0.357206
0.38853   -0.473902   -0.344713
-0.34619   0.24076   -0.201449
-0.28944   0.232752   -0.00843191
0.385486   -0.261328   0.012273
0.186066   0.0671888   0.157297
-0.400935   0.0218389   -0.0885576
0.448259   -0.454379   0.110615
0.282442   0.0311727   0.0699026
0.491201   0.252971   0.0426713
-0.161749   -0.385292   0.0147821
-0.289967   -0.0796691   -0.14282
0.213761   -0.493601   -0.130848
-0.065228   -0.215241   0.423132
-0.300101   0.467424   0.484909
0.413775   -0.204949   -0.130141
-0.182187   -0.160674   -0.142861
-0.00664573   -0.0649254   0.375951
