-0.0962387   1.91987   0.119234
-0.27767   -1.12921   0.472621
0.795392   -0.780084   -0.119217
1.77015   -1.85783   -0.464932
1.55302   1.96065   0.304115
-0.0679601   -1.2252   0.455664
-0.935852   1.39628   2.82929
1.0844   -1.72119   0.898948
1.59775   -0.87874   -0.0516845
-3.28226   -0.330562   -0.193395
0.941044   -0.123516   -0.409123
-0.792179   -1.03594   0.143361
2.71609   0.296681   -0.940781
-1.05608   0.448109   0.409493
-0.225206   -0.0941569   0.985103
0.785817   -1.33744   -1.62389
0.580287   -1.26898   -1.43869
-0.864909   -0.379107   -1.00638
0.097688   2.31184   -0.44118
-0.444698   -0.27099   0.938649
0.212326   -1.01237   -0.2787
1.23433   0.672577   0.576136
-0.0336053   0.160939   0.599317
-0.274645   1.53609   -1.2153
-0.130811   0.952894   -0.221524
-1.97301   0.199708   0.712681
1.16451   -1.31534   0.795696
0.613948   -0.597955   0.547659
1.9886   0.616009   0.387279
0.473911   -2.05047   0.921425
-0.657199   0.505039   -0.455814
1.5672   -2.05451   -0.415558
-0.715093   -1.00357   1.12211
0.618236   -0.863812   0.581884
-0.117384   0.976826   0.741649
0.541591   -1.23349   0.514576
-0.772591   0.163585   -0.0776556
1.34389   0.494559   1.38608
-1.14085   -0.49106   -0.0427962
0.259715   0.934428   -1.33378
-0.997023   1.65691   -2.25151
1.70859   0.369318   -1.09974
-0.604784   -0.936413   -0.941844
1.19946   -0.671489   0.836577
-0.0887356   1.25457   -0.660233
0.604976   0.600733   0.101883
0.334837   0.11631   0.491409
1.02841   -0.29242   -0.467496
-2.20908   -0.148742   -0.43918
0.0569718   -1.36282   0.864534
-0.501503   -0.553948   -0.242591
-1.57112   0.431366   0.375514
-0.110431   -0.254204   0.451327
0.793077   0.706265   -0.717969
0.4419   0.207969   1.32337
0.887496   -0.197407   0.0765027
1.02715   -0.706028   -1.19242
-1.44459   0.378449   -0.827632
0.810082   0.41928   -0.629657
-0.797214   1.41931   -0.864905
1.03463   0.0740596   0.0628562
-1.46953   0.202453   -0.213199
-2.33141   0.132762   -1.32105
1.402   -0.918921   -1.83351
1.0228   0.912636   1.46215
-0.612143   -0.119997   0.712284
-0.329895   -0.462617   0.389586
2.1495   -1.19607   -0.61239
0.257958   0.425238   0.23881
1.15421   -0.974923   -1.0887
3.48804   -1.50727   -0.208965
-3.12899   -0.446145   -0.422268
-1.71951   -0.0779771   1.31772
0.483348   -1.21066   0.81107
0.482794   1.72529   1.59671
-0.181132   2.06767   1.59302
-0.54658   -1.0922   0.0940713
-1.34066   0.969974   -0.847348
-0.883252   -1.45278   -0.880711
0.0347901   0.451457   0.970797
0.52155   -0.516369   1.09856
-2.68914   1.17238   -0.677022
-0.25712   0.320989   0.189259
-1.91077   1.99852   0.0543384
0.617832   2.14488   0.0454839
-0.388126   -1.6288   -0.941805
-2.39274   -0.0384302   -1.10003
-0.791798   0.000972898   -0.526844
-0.807345   -0.563227   -1.98416
-1.03671   1.80905   0.235644
-0.682977   -0.442252   -1.04248
-0.957823   -1.56346   -1.11174
-0.274144   0.914376   -1.12146
0.294085   -0.18663   0.809643
1.49147   0.149595   0.419257
-0.948019   -1.05397   -0.114125
0.719133   -0.471079   -0.996649
1.65865   -0.29989   -0.533578
0.585266   0.602831   0.276033
2.34208   -2.10763   0.639773
-0.342003   1.17201   0.136633
0.295834   0.363885   0.579511
-0.68138   1.23798   2.04055
0.317517   1.72075   -1.32915
-0.438511   -0.747659   -0.0917813
0.310254   2.51757   2.28092
0.345024   2.76835   1.43755
-2.51718   -1.70429   -0.391789
