0.495239   -0.492075   -0.498259
-0.339267   -0.337514   -0.494253
0.495952   -0.334403   -0.323448
-0.318666   0.498757   -0.339751
-0.165318   0.483154   0.488563
-0.000532563   -0.330985   0.493165
-0.156947   -0.339282   -0.323008
0.0120849   0.48565   -0.355234
0.194826   -0.499822   0.494097
0.327728   -0.315553   -0.489024
0.161493   -0.32993   -0.348464
0.326445   -0.483474   -0.326573
-0.494369   -0.171683   0.496824
-0.338583   -0.00908048   -0.496106
0.490339   -0.00646739   -0.339775
-0.347341   -0.180413   -0.337009
-0.159266   -0.166839   0.49928
0.00281453   -0.00377439   0.496548
-0.160158   -0.00185555   -0.345818
0.0165886   -0.173977   -0.338877
0.180953   -0.144817   -0.496421
0.339861   -0.00328589   0.495051
0.168983   0.0231092   -0.337066
0.315074   -0.171   -0.314406
-0.482835   0.159013   0.499193
-0.335067   0.323752   -0.494892
0.48097   0.3553   -0.320945
-0.332182   0.163188   -0.317585
-0.158853   0.15976   0.478608
0.00311578   0.324894   0.495228
-0.168747   0.31565   -0.324595
0.00151196   0.16866   -0.335322
0.160128   0.156125   0.491503
0.350755   0.336625   -0.496023
0.169713   0.333213   -0.334274
0.335795   0.160217   -0.316644
0.497583   -0.499582   -0.163142
-0.331236   -0.3371   -0.164196
0.486537   -0.345881   0.0022791
-0.337994   -0.481793   0.00828481
-0.172828   0.485831   -0.159642
-0.00671183   -0.340946   -0.154622
-0.168061   -0.322762   0.00505706
-0.0250045   -0.499766   -0.00678803
0.160728   -0.488292   -0.178348
0.315338   -0.325067   -0.156103
0.162885   -0.328383   0.00174737
0.332875   -0.495835   0.0142669
0.498397   -0.174903   -0.165757
-0.341585   -0.0149239   -0.175289
-0.489269   0.00784546   -0.0106209
-0.346573   -0.174141   0.000477591
-0.16543   -0.151927   -0.150693
0.0122037   -0.00254117   -0.187162
-0.15503   0.0112932   -0.0121278
0.0155341   -0.154143   0.0109153
0.140642   -0.189979   -0.157489
0.345446   -0.0105681   -0.153816
0.163668   0.00354845   0.000602683
0.310819   -0.168855   0.0044514
-0.494908   0.170214   -0.179278
-0.343499   0.336495   -0.184052
-0.498313   0.327393   -0.00493409
-0.347084   0.180158   -0.0247893
-0.173785   0.163412   -0.164434
-0.00303526   0.329445   -0.163959
-0.174356   0.326138   -0.00354637
0.00282812   0.160487   -0.0123899
0.161764   0.177589   -0.169372
0.33154   0.34366   -0.144121
0.16382   0.340182   -0.00692543
0.326546   0.1698   0.0112418
-0.498072   -0.492389   0.161954
-0.338147   -0.325923   0.173968
0.491049   -0.331366   0.33376
-0.333519   0.494498   0.305222
-0.171733   -0.486696   0.155385
0.0248477   -0.341696   0.165965
-0.158004   -0.338222   0.340791
0.0297347   -0.492323   0.334976
0.17408   -0.498995   0.166777
0.328068   -0.324376   0.174362
0.17317   -0.324162   0.337425
0.332768   0.49916   0.341353
0.483965   -0.159716   0.160196
-0.322541   0.00613836   0.15528
-0.482419   0.0140882   0.329787
-0.34075   -0.157907   0.340628
-0.143859   -0.170025   0.164608
0.00755404   -0.0045577   0.162203
-0.170091   -0.0157886   0.328525
-0.00144038   -0.171575   0.339679
0.178776   -0.161658   0.18748
0.336142   0.00524991   0.198198
0.166075   -0.00170648   0.344295
0.338375   -0.166521   0.344984
0.492366   0.161038   0.155583
-0.349929   0.327679   0.15895
-0.491272   0.31979   0.341307
-0.326603   0.16758   0.322647
-0.178932   0.165225   0.144006
-0.0139316   0.335104   0.158162
-0.158539   0.323825   0.314624
-0.0133385   0.155476   0.324023
0.160163   0.166856   0.17824
0.345911   0.335966   0.173425
0.172087   0.332513   0.335262
0.331298   0.17848   0.355959
