-0.583336   0.767215   0.485494
0.117484   -2.15379   0.944456
-0.602213   1.06333   -0.146926
1.24744   -0.697734   -0.472366
2.62674   -0.543422   -0.777204
0.370558   0.128527   -0.00773165
-1.71465   0.564301   -1.49183
-0.805826   0.906601   0.937078
0.744982   -0.378426   0.602184
0.542735   1.87511   -1.58261
0.637052   1.87803   -0.48697
-0.0492456   -0.824186   0.797139
1.60611   -0.996237   0.885639
0.00681864   1.64829   -0.237794
-0.613513   0.776103   0.109956
-1.17309   0.456929   -1.19281
-0.631381   0.631609   0.983263
2.10302   1.10737   0.96243
0.699618   -0.438624   0.323585
-2.55841   1.48867   -0.603021
-0.738372   0.626802   1.29997
-0.562481   0.752762   0.319507
0.423895   1.65231   -0.369834
-0.0800344   0.971124   0.301676
1.1253   -0.758241   -0.648677
-0.229426   -1.77564   -1.65671
-0.196168   -0.0483356   -0.694684
0.673461   -0.247228   -1.34439
0.710699   0.443025   -0.284586
-0.277629   -0.514501   -0.289577
-0.671219   0.311533   -1.82483
0.861677   -0.655372   1.29589
-0.28828   0.64719   -1.86723
-0.414967   0.249335   0.711789
-0.477118   0.534074   0.729031
1.37783   -0.046026   0.982123
1.35404   0.337258   0.780001
-0.487593   -0.223852   1.47949
-0.880385   1.37207   0.547128
-0.642611   0.188557   -0.67954
-0.247783   -0.234692   0.745848
0.889788   -0.814009   0.078188
0.283159   0.546481   -0.832213
-1.16121   1.11507   -1.97667
0.3264   0.738868   -0.106846
0.606543   -0.734398   0.833656
-0.967708   -0.841068   0.856548
-1.77889   1.13795   -0.347782
0.139437   -0.205206   -1.11816
0.399898   -0.401898   -1.68866
-0.388275   0.718734   0.434328
0.00178647   -0.178014   -0.300803
-1.09123   -0.354149   1.02855
-0.757412   0.567735   0.332818
-1.61101   0.392497   -0.433252
0.924471   0.00704649   -2.61968
-0.732804   -0.304461   0.774337
1.09228   -2.23696   -1.32307
0.666606   -1.49496   0.182255
-0.287701   0.220342   0.279753
1.35565   -1.0035   -0.587837
-0.925166   0.717881   -0.511539
-0.677515   -0.595575   1.38398
1.2139   0.505375   -1.05301
-0.255506   0.582084   0.689532
-1.87734   0.430431   -0.484916
0.00652928   -0.859667   1.10362
-0.498401   -0.280933   0.822749
0.626347   -0.0689791   1.33065
-0.114381   -1.04652   1.65403
-1.53889   -1.8374   -0.675564
1.79446   1.48544   -0.254215
0.339061   -0.508073   -1.48949
0.176804   -0.38361   0.522225
-0.490682   0.345416   -0.722266
-1.25792   -1.61516   -0.794965
-0.0637525   -1.72108   1.56438
0.0771834   -0.641672   1.01186
-0.533418   -0.615927   0.215901
-1.22937   -0.13471   -1.84967
-1.5105   -0.570739   0.282696
1.81586   -1.68524   -0.852425
1.11776   0.605891   -0.105081
-1.48928   1.10033   -0.754376
0.605812   0.786579   0.678888
-0.137382   -0.162674   2.07538
0.838391   -0.155389   -2.35179
1.51417   -1.02721   -0.547213
0.523173   -0.465745   0.33418
0.201755   -0.648056   -0.11932
-0.922955   0.399274   0.841283
-0.585566   0.0904448   0.403179
0.182333   1.38687   -0.986547
0.0396573   -1.31262   1.83505
-0.933754   -0.218361   -0.935079
1.22102   -0.526782   2.24495
-0.445027   -1.64866   0.0248575
-1.8734   0.474469   -0.163089
0.644546   -0.793253   -0.482425
1.00058   1.31332   0.595692
-0.273027   0.645826   -0.753176
0.882129   0.714755   0.669654
0.57539   -0.018416   -1.06884
0.84359   1.50557   1.20429
-0.383227   0.492816   1.89312
1.48638   -1.15599   0.934143
-0.136015   -0.289585   -0.197006
0.212127   -0.312677   -0.194108
