0.31905   0.485504   -0.427338
0.278713   0.323127   -0.0289698
0.0849403   0.221786   0.176532
0.372613   0.315001   -0.294755
0.0409577   -0.160575   0.396125
-0.0825188   -0.449355   0.270806
-0.272218   0.148896   0.410202
0.254026   -0.316215   0.355858
-0.0760176   -0.0770937   0.25509
0.398304   -0.0817644   -0.23553
0.436256   0.111852   -0.463274
0.0232495   0.0989375   0.0717032
0.310657   0.238251   0.24367
0.0721669   -0.00864498   0.488986
0.4596   0.116645   -0.0856483
-0.124927   0.297088   -0.0437499
0.00121191   -0.207008   0.0344936
-0.141533   0.158222   0.220259
0.133877   0.312694   -0.426053
0.385021   -0.162641   -0.194132
-0.16528   -0.0724592   -0.00313036
0.485564   -0.207067   -0.0685291
0.183836   0.0179263   -0.077216
0.460806   -0.0327413   -0.197604
-0.162564   0.425597   0.23394
0.0419964   0.0224849   0.00387742
-0.385262   -0.173806   -0.414308
0.165314   0.317647   0.267741
-0.168574   -0.129789   -0.417183
0.143478   0.325537   0.119617
0.421841   -0.164203   -0.0425972
-0.491374   0.321936   -0.362852
-0.105891   0.451859   -0.130762
0.0365824   0.303801   -0.44426
0.133673   0.22023   0.346737
0.374401   -0.206474   0.00701924
0.0308297   0.101044   -0.0238494
0.49988   0.0354382   0.0499381
-0.0966349   0.459303   0.208182
-0.137928   0.409126   -0.293257
-0.44244   -0.178309   -0.313371
-0.337827   -0.0398712   0.29878
-0.0144437   -0.180633   -0.416672
0.335655   0.0243421   -0.0246536
-0.440371   -0.131019   -0.233128
-0.384117   -0.276436   0.028638
-0.364258   -0.176699   -0.187584
0.259545   0.416959   -0.360734
0.359396   0.221281   -0.417602
0.4149   0.282311   0.386743
0.485365   0.129308   0.308734
0.441397   0.0932892   0.0260929
0.44634   0.319539   0.495373
0.356097   -0.116286   -0.0629413
-0.114822   0.388927   0.323953
-0.271635   -0.242888   0.321631
0.0311749   -0.0383256   0.418655
-0.339112   -0.128925   0.315233
0.425945   -0.098163   0.234887
-0.0845869   0.249721   0.0595483
-0.176035   0.190672   -0.190811
0.266775   -0.206465   0.312319
-0.0367265   0.30706   -0.472484
0.249594   0.317478   -0.347682
0.395193   -0.440656   0.0598506
-0.395767   -0.110889   -0.309021
-0.117536   -0.383064   -0.343761
-0.0379383   -0.396963   -0.412274
-0.148983   -0.0695752   -0.307085
0.454467   0.0376349   -0.451731
-0.276235   -0.308349   0.240413
0.472404   0.258201   0.202603
0.198218   -0.415684   -0.378991
0.422052   0.406605   -0.282964
-0.346614   -0.372784   0.352143
-0.322181   0.4798   0.283395
-0.0628792   -0.377083   -0.496025
0.460812   -0.219757   0.0255759
0.283579   0.329775   0.303651
0.216612   0.178983   -0.159167
0.205651   0.208969   -0.487294
-0.303528   0.10587   0.202608
-0.314336   0.407981   0.127205
-0.29937   0.194033   0.209213
0.389716   0.329283   -0.180629
-0.386157   -0.499241   -0.196632
-0.307549   0.101427   -0.389691
-0.473911   0.437066   0.0263711
0.156473   0.141386   -0.297776
-0.0887747   0.368822   -0.030754
0.139189   0.273239   0.181141
-0.185705   0.47725   0.41008
-0.276594   0.24229   -0.461924
-0.140057   -0.390415   -0.00677786
-0.195586   0.267438   -0.2212
-0.28018   -0.22537   0.482976
-0.0149947   0.280944   -0.344361
0.363879   -0.138711   -0.416084
-0.186538   -0.43479   -0.363137
-0.0149423   -0.283633   0.402466
-0.0358383   0.342334   0.129689
0.374777   -0.151924   0.280206
0.480574   -0.120882   -0.185071
0.368774   -0.379293   -0.337964
-0.117049   -0.118802   -0.205803
-0.198651   0.0807461   0.0186698
-0.120206   -0.146269   -0.307855
0.0618033   0.117093   -0.352987
