-1.38378   -1.13944   0.1866
-0.835997   0.774519   -0.22089
-1.25747   -0.543513   -1.45188
-1.03306   1.641   0.948781
-2.33102   -0.692915   -1.15999
0.403164   -1.07344   -0.458725
0.789685   -0.92686   1.28124
-0.502289   -0.673965   1.25648
-0.312242   0.861701   0.593955
-1.04082   -0.233033   0.242289
2.15912   0.994712   0.722753
1.21621   -1.70349   -1.42781
-0.499362   -1.366   -2.13755
-1.44352   1.22725   0.76213
-0.695603   -0.584283   -1.64646
-0.433541   -0.691261   -2.01179
-0.360087   -2.49407   1.45335
-0.637213   0.349966   -0.684662
-0.425039   -1.30022   -0.194626
0.94381   -0.0954288   -0.687939
-1.02291   0.32385   1.08541
0.0173126   0.227828   -0.0952678
2.40303   -0.471484   -0.155901
-0.755095   -0.653729   -1.24188
0.98643   -2.02486   1.09552
1.13709   0.443615   -0.950965
0.283964   -1.16946   -0.481665
-0.176126   0.337227   0.428303
-0.340575   -0.679569   1.199
0.618951   -0.00550559   1.62892
-1.91401   0.188717   0.83531
0.183402   0.704384   -0.885474
-0.630966   -0.0522606   -0.542413
-0.129911   0.259786   1.40057
0.048457   -0.509793   0.0433564
0.927206   1.37532   1.27249
-0.485932   -1.99081   -0.444789
-1.50527   -0.278006   2.05196
1.65154   -0.705224   0.48145
0.576921   -0.109552   1.3752
1.41487   0.248548   -1.67266
-1.48467   1.86149   -0.786553
-1.4887   0.333499   -1.13188
0.120771   0.0260642   -0.883022
-0.350107   -0.066182   -0.645936
0.554788   -0.742537   -1.36298
1.12679   0.802144   0.582154
-1.13268   -1.04898   0.555885
1.30297   -0.861956   -0.420152
0.712583   2.91904   -0.108846
-0.307141   -1.79035   -0.726519
3.05948   1.34027   0.632716
0.759942   0.248246   1.97032
-0.910024   0.674686   1.68409
-1.10728   -0.257942   1.27472
-1.22623   -0.0443592   0.46073
-0.48217   0.7487   -0.559268
3.0868   -1.85764   -1.37336
0.872422   -1.42009   -0.837906
-0.471944   0.619888   1.82345
0.488558   -1.49893   -0.480575
1.49718   -1.72771   -0.104777
1.0481   0.0553732   0.875774
-0.476167   1.49866   -0.557196
-0.0277807   -0.359779   0.406353
-0.872715   1.61845   -0.839717
0.343552   0.618732   0.452443
0.650792   -1.12968   -0.230914
0.544055   0.818576   -1.23694
-0.118311   0.947906   0.969542
1.10748   -0.685449   0.68953
1.49765   -0.282952   -0.273562
-1.28721   -0.942756   -0.123472
-1.19348   0.251011   1.55149
0.372703   -0.175094   1.61579
1.5483   1.40511   -0.312504
1.4752   -0.171085   3.31488
0.650282   1.53806   -2.03471
-0.204379   -2.65175   -0.209585
-1.48381   -1.22958   0.184992
0.268713   -0.16731   -2.11804
0.901416   -1.50295   -0.762797
-0.279787   -0.468156   1.66815
0.0574595   0.558284   3.02025
0.706691   -0.597761   -1.55649
0.36639   -0.206839   0.612936
-0.154556   1.69763   -0.751843
0.405477   1.36124   -0.15808
0.609295   0.488999   -0.141299
-1.35045   1.98417   1.04167
0.357499   0.345025   -0.884771
-0.0360493   3.19532   0.535069
1.06193   0.153093   -1.64451
-1.70023   1.10374   -0.848775
-0.750002   -0.742011   -1.5662
-1.13946   0.311824   0.456311
1.16308   0.702366   0.337819
0.208195   0.203802   0.709696
0.910836   0.0819977   0.0443224
-1.51461   0.0983794   -0.556056
0.372298   -0.0669349   -0.263395
0.048655   1.79361   -1.27482
1.30158   -0.137503   -0.647277
-1.73174   0.706117   -1.20847
0.557272   0.587527   0.0706038
-2.36998   0.0667226   2.1442
-1.26986   1.07584   -0.219746
-0.804969   0.20242   -1.63468
