7.04181
5.56433
4.7984
4.19881
3.49865
3.1203
2.90759
2.75287
2.59082
2.43096
2.2217
2.03973
1.96158
1.89357
1.78452
1.69585
1.65234
1.58328
1.51118
1.45688
1.42025
1.38705
1.36156
1.3319
1.29874
1.26718
1.24245
1.23269
1.22674
1.21234
1.18456
1.15532
1.1187
1.10634
1.11356
1.09394
1.07894
1.0614
1.02862
1.01144
1.00101
0.996092
0.993745
0.992567
0.99243
0.993628
1.00349
0.98819
0.977952
0.977894
0.977879
0.977851
0.979748
0.970826
0.96716
0.967017
0.966961
0.966961
0.966961
0.966961
0.966961
0.966961
0.966961
0.966961
0.966961
0.966961
0.966961
0.966961
0.966961
0.966961
0.966961
0.966961
0.966961
0.966934
0.965152
0.961946
0.960274
0.960274
0.960274
0.960274
0.960274
0.960274
0.960274
0.960274
0.960253
0.958152
0.952723
0.950206
0.950206
0.950206
0.950206
0.950206
0.950206
0.950206
0.950206
0.950206
0.950206
0.950206
0.950206
0.950206
0.950206
0.950206
0.950206
0.950206
0.950188
0.949012
0.949734
0.937219
0.926019
0.920408
0.919647
0.919645
0.919645
0.919645
0.919645
0.919645
0.919645
0.919645
0.919645
0.919645
0.919645
0.919645
0.919645
0.919645
0.919645
0.919645
0.919645
0.919645
0.919645
0.919645
0.919645
0.919645
0.919645
0.919645
0.919645
0.919645
0.919645
0.919645
0.919645
0.919645
0.919645
0.919645
0.919645
0.919645
0.919645
0.919645
0.919645
0.919645
0.919645
0.919645
0.919645
0.919645
0.919645
0.919645
0.919645
0.919645
0.919645
0.919645
0.919645
0.919645
0.919645
0.919645
0.919645
0.919645
0.919645
0.919645
0.919645
0.919645
0.919645
0.919645
0.919645
0.919645
0.919645
0.919639
0.918955
0.917338
0.916533
0.916523
0.916523
0.916523
0.916523
0.916523
0.916523
0.916523
0.916523
0.916523
0.916523
0.916523
0.916523
0.916523
0.916523
0.916523
0.916523
0.916523
0.916523
0.916523
0.916523
0.916523
0.916523
0.916523
0.916523
