4.68644
4.4298
3.48515
3.15198
2.878
2.7342
2.62415
2.38434
2.26471
2.02211
1.96665
1.92506
1.78325
1.69317
1.66437
1.61139
1.50418
1.44188
1.41
1.38525
1.36711
1.3322
1.30333
1.2639
1.23442
1.22972
1.22891
1.22421
1.17308
1.17171
1.09975
1.09838
1.08748
1.06254
1.06039
1.02679
1.02541
1.00861
0.998725
0.99735
0.992459
0.992459
0.992459
0.992459
0.977997
0.977997
0.977891
0.977891
0.977891
0.977891
0.971852
0.966961
0.966961
0.966961
0.966961
0.966961
0.966961
0.966961
0.966961
0.966961
0.966961
0.966961
0.966961
0.966961
0.966961
0.966961
0.966961
0.966961
0.966961
0.966961
0.966961
0.966961
0.966961
0.960274
0.960274
0.960274
0.960274
0.960274
0.960274
0.960274
0.960274
0.960274
0.960274
0.960274
0.950206
0.950206
0.950206
0.950206
0.950206
0.950206
0.950206
0.950206
0.950206
0.950206
0.950206
0.950206
0.950206
0.950206
0.950206
0.950206
0.950206
0.950206
0.950206
0.950206
0.941234
0.941234
0.919752
0.919645
0.919645
0.919645
0.919645
0.919645
0.919645
0.919645
0.919645
0.919645
0.919645
0.919645
0.919645
0.919645
0.919645
0.919645
0.919645
0.919645
0.919645
0.919645
0.919645
0.919645
0.919645
0.919645
0.919645
0.919645
0.919645
0.919645
0.919645
0.919645
0.919645
0.919645
0.919645
0.919645
0.919645
0.919645
0.919645
0.919645
0.919645
0.919645
0.919645
0.919645
0.919645
0.919645
0.919645
0.919645
0.919645
0.919645
0.919645
0.919645
0.919645
0.919645
0.919645
0.919645
0.919645
0.919645
0.919645
0.919645
0.919645
0.919645
0.919645
0.919645
0.919645
0.919645
0.919645
0.919645
0.919645
0.916523
0.916523
0.916523
0.916523
0.916523
0.916523
0.916523
0.916523
0.916523
0.916523
0.916523
0.916523
0.916523
0.916523
0.916523
0.916523
0.916523
0.916523
0.916523
0.916523
0.916523
0.916523
0.916523
0.916523
0.916523
0.916523
0.916523
0.916523
