0.449888   -0.348288   -0.375327
-0.207096   -0.203647   0.484798
0.343983   -0.372094   -0.218335
0.235936   -0.389477   -0.416572
-0.4645   0.240829   -0.360332
-0.152289   -0.385862   -0.42049
0.129384   0.110514   -0.269908
0.0100734   -0.206416   -0.456877
0.291303   -0.46217   0.35149
0.0891689   0.316619   -0.330732
0.0502587   -0.210516   -0.250938
0.326672   0.425922   -0.363699
0.458191   0.0778954   -0.469009
0.0857438   0.318335   0.283919
-0.366667   0.114866   -0.1814
-0.39639   -0.0467232   0.491643
0.136208   -0.0289833   -0.411895
-0.10103   0.00250331   -0.411146
-0.327157   -0.135823   -0.187687
0.0612905   -0.0546717   -0.0920091
0.154398   -0.311807   0.320381
0.414043   -0.124741   -0.44332
0.259707   0.0686936   0.469707
-0.492642   -0.0138251   -0.284862
-0.407513   0.322395   0.28293
-0.375598   0.154217   0.381511
-0.478579   0.294504   -0.167874
-0.300747   0.0568615   -0.362546
-0.425776   -0.0121016   0.217865
-0.22088   0.198326   -0.478892
-0.086221   0.423032   -0.327933
-0.0838344   0.206417   -0.346234
0.213988   0.186399   0.2132
0.0552089   0.133605   0.498402
-0.0475356   0.331495   -0.125473
0.306366   0.253784   -0.464555
-0.492801   -0.442093   -0.109047
-0.337559   0.451595   -0.319976
-0.466982   -0.2701   0.170268
-0.313037   0.442413   0.125534
-0.243914   0.283275   -0.180722
-0.147068   -0.190081   -0.30826
-0.148934   -0.302418   0.0330345
0.0460724   0.474512   0.166289
0.150132   0.493995   -0.258668
0.33134   -0.0558632   -0.123553
0.191454   -0.242582   -0.118545
0.347159   -0.247392   0.00347984
-0.360206   -0.253501   -0.355221
-0.280811   -0.334643   -0.181456
0.461783   -0.222704   -0.207527
-0.262613   0.463213   -0.105761
-0.114019   -0.181212   -0.117636
-0.0198642   0.135487   -0.119911
-0.177526   -0.0698384   0.192964
0.0384973   -0.261443   0.0846421
0.229004   -0.0321239   0.0878173
0.314245   0.0478658   -0.335679
0.362241   0.220533   -0.250913
0.424918   -0.0357522   0.365991
0.451483   0.0911815   -0.0661439
-0.337796   0.362331   0.480005
-0.359377   -0.354736   0.0293737
-0.490375   -0.0876641   -0.00569994
-0.170677   0.018889   -0.207018
0.143585   -0.441222   -0.0451007
-0.291983   0.252352   0.00981317
-0.041767   0.125959   0.234895
0.154453   0.297575   -0.145913
0.32677   0.433793   -0.133205
0.39595   -0.445711   0.0756393
0.161908   0.342162   0.0454443
-0.40906   -0.406692   0.458296
-0.285365   -0.13938   0.0496921
0.27301   -0.161622   -0.292073
-0.0461815   -0.364426   0.413002
-0.196209   0.317043   0.319431
-0.0804452   -0.367655   0.210398
-0.246213   -0.257558   0.200993
-0.22822   -0.455137   0.38168
0.228662   -0.384605   0.156445
-0.49546   -0.463556   0.262675
0.287091   0.43232   0.198206
0.461829   0.360737   0.444099
0.436589   -0.307552   0.395067
-0.0246996   -0.38884   -0.172663
-0.409622   -0.200559   0.350455
-0.0614909   -0.1759   0.323565
0.0794894   -0.038654   0.343886
0.389081   0.0441343   0.15474
0.0434566   -0.0575874   0.148603
0.0476011   -0.428669   -0.40428
0.339381   -0.174408   0.21599
0.40458   0.196889   0.29278
0.253536   -0.151889   0.423363
0.107899   0.485731   0.419607
0.358532   0.278507   0.0178268
-0.25228   0.173238   0.207164
-0.454184   0.200654   0.12876
-0.338913   0.0553457   -0.000921781
-0.160895   0.0897649   0.0631701
-0.0790346   -0.496139   -0.00193425
-0.0764528   0.324163   0.125582
-0.150118   0.0559604   0.386825
0.0620639   0.143944   0.057756
0.475388   0.382404   0.14148
-0.0761948   0.368897   0.449607
0.211809   0.114976   -0.0563062
