-0.374231   -0.640324   -0.420778
-1.06711   0.179711   0.643397
0.26252   -0.913891   1.40212
-0.0212263   0.294668   0.286081
1.52179   1.43249   0.882707
-1.5365   -0.152739   -2.04302
0.0628842   0.0814454   -1.1048
0.48174   -0.164254   -0.179215
0.144557   1.4646   -0.323139
-0.723193   -1.36124   2.03211
1.47343   0.345371   -1.88529
-1.40185   -0.41821   0.508186
1.02619   1.93907   -0.516558
0.0301585   0.688345   -2.59038
0.426709   -0.431705   -1.26077
0.474548   0.500365   -0.241734
-0.932093   -1.13104   0.265046
0.563303   -0.522776   -1.28071
-0.232193   0.0778642   -0.277052
-1.09982   0.241779   -0.650498
-0.674008   -2.48798   0.772181
-0.981328   -0.167704   -0.130814
-0.638469   -0.57937   -2.74104
-1.00116   -1.62195   1.07244
0.728367   -1.62628   -0.0903417
0.896994   0.29932   -1.77953
1.48417   -1.03231   0.337667
-2.04726   0.241188   -0.841028
0.90443   2.28765   0.90531
-0.498774   -1.79796   -0.840422
1.05238   1.00938   0.0168997
-0.328644   1.05762   -0.2226
0.606159   -0.439614   0.324545
-0.282775   1.69297   -0.399702
-2.31007   1.48995   2.32271
0.327935   -0.0319402   -0.431386
0.341508   -1.17106   0.914017
-0.83812   -0.580132   -0.429102
-0.00549592   -0.946385   -0.135231
1.07667   -1.05108   -0.0247577
1.08296   -1.60643   -0.839364
-1.33854   1.81985   -1.50302
-0.545593   -0.434299   1.18738
1.0618   1.32448   0.211337
-0.0251119   -0.261692   0.080623
-0.142678   0.538603   0.245185
0.0985229   0.133511   1.94966
0.535762   -0.168701   -3.15087
-1.26911   -0.676288   0.148887
-0.538262   0.176159   -0.542916
0.0634986   1.26123   1.74769
0.0759127   1.38969   0.480931
-0.406524   0.582516   -0.131667
0.821147   -1.51321   -0.262412
0.60247   -1.1895   0.802873
0.147547   -1.14608   3.3039
0.109079   -1.20454   1.65529
2.34195   -0.406911   -0.651219
-1.01299   0.98317   -0.305026
1.41237   -1.96563   1.27256
-0.895762   -1.40048   0.365286
0.340115   1.44721   1.03714
0.161798   0.162127   -1.78
0.235162   -0.683145   0.532722
-0.69373   -0.921514   -0.404826
-0.38628   0.14911   0.66257
0.792887   0.257391   -0.246606
-0.951793   1.58633   -2.26293
0.0707217   1.64135   1.59001
-0.31798   0.09283   -1.9207
-0.321483   2.95432   -0.452483
1.74485   0.444816   1.38201
-0.776064   -0.759091   2.77445
-0.167883   2.0359   -1.31299
1.45171   -0.340146   0.840423
-0.434691   0.588984   0.728587
0.63295   -0.770367   -2.51225
0.203222   -0.332626   0.654248
-0.343344   2.06027   -0.894682
-2.15974   0.714214   1.15798
0.870972   0.698944   -0.210617
-1.15298   -0.985751   2.9427
-1.72409   0.297475   0.139598
1.24917   -1.50981   0.171091
-0.171019   0.794459   1.27741
0.274155   -0.1693   -0.760344
-1.91484   -0.0750684   2.06785
0.563745   -0.283598   -0.293537
-0.423382   0.512277   -0.639963
-0.260276   0.079924   -0.0400303
-0.899696   -1.19306   -0.621657
2.06734   0.12449   -1.79975
1.39247   1.59806   -1.76235
-0.606533   -0.375404   -0.189358
-0.737789   -0.125223   0.390373
0.921376   -0.41717   2.29409
0.774795   2.27987   -0.158898
-0.404421   -0.28909   2.50767
-0.813682   -0.611845   -0.377395
0.696906   -0.25669   -0.622942
0.842909   -0.686616   -0.165969
1.05499   -0.92197   0.302962
1.11615   -0.801888   -1.02327
0.0836089   1.09308   1.00058
0.700456   -0.654218   -0.78252
1.22889   -0.410443   -0.983208
-1.96109   0.317217   0.467289
-0.919131   -0.645929   -0.613115
