14.5228
13.1076
12.07
11.4526
10.8965
10.403
10.0284
9.50793
9.0474
8.6618
8.2158
7.79069
7.47081
7.32974
7.20372
7.1019
7.01748
6.9259
6.84424
6.72838
6.54487
6.37725
6.23227
6.12429
5.97347
5.90574
5.84035
5.79118
5.735
5.66689
5.59574
5.50181
5.4438
5.38851
5.3485
5.31427
5.25329
5.21009
5.18858
5.16447
5.14415
5.11807
5.0767
5.00406
4.95119
4.9307
4.90799
4.84538
4.78907
4.72954
4.69004
4.68288
4.67356
4.66258
4.63741
4.58161
4.54724
4.5208
4.51064
4.50784
4.5026
4.49582
4.48885
4.485
4.48422
4.48405
4.48405
4.48405
4.48403
4.48189
4.47671
4.4742
4.47071
4.46299
4.45716
4.4495
4.44083
4.4392
4.43419
4.42143
4.41536
4.4084
4.39096
4.37591
4.36641
4.35631
4.34111
4.33087
4.33056
4.33056
4.33056
4.33056
4.33056
4.33056
4.33056
4.33056
4.33056
4.33056
4.33056
4.33056
4.33056
4.33056
4.33056
4.33056
4.33056
4.33056
4.33056
4.33056
4.33056
4.33056
4.33056
4.33056
4.33056
4.33056
4.33056
4.33056
4.33056
4.33056
4.33056
4.33056
4.33056
4.33056
4.33056
4.33056
4.33056
4.33056
4.33056
4.33052
4.33308
4.36088
4.33496
4.31762
4.3126
4.31247
4.31247
4.31247
4.31247
4.31247
4.31247
4.31246
4.31221
4.3137
4.31133
4.31088
4.31088
4.31088
4.31088
4.31088
4.31088
4.31088
4.31088
4.31088
4.31088
4.31119
4.31379
4.31194
4.31018
4.31018
4.31018
4.31018
4.31018
4.31018
4.31017
4.30934
4.307
4.30585
4.30556
4.30555
4.3049
4.29199
4.2733
4.26801
4.2665
4.2665
4.2665
4.2665
4.2665
4.2665
4.2665
4.2665
4.2665
4.2665
4.2665
4.2665
4.2665
4.2665
4.2665
4.2665
4.2665
4.2665
4.2665
4.2665
4.2665
4.2665
4.2665
4.2665
4.2665
4.2665
4.2665
4.2665
4.2665
4.2665
4.2665
4.2665
4.2665
4.2665
4.2665
4.2665
4.2665
4.2665
4.2665
4.2665
4.2665
4.2665
4.2665
4.2665
4.2665
4.2665
4.2665
4.2665
4.2665
4.2665
4.2665
4.2665
4.2665
4.2665
4.2665
4.2665
4.2665
4.2665
4.2665
4.2665
4.2665
4.2665
4.2665
4.2665
4.2665
4.2665
4.2665
4.2665
4.2665
4.2665
4.2665
4.2665
4.2665
4.2665
4.2665
4.2665
4.2665
4.2665
4.2665
4.2665
4.2665
4.2664
4.25269
4.22641
4.21231
4.21195
4.21195
4.21195
4.21195
4.21195
4.21195
4.21195
4.21195
4.21195
4.21195
4.21195
4.21195
4.21195
4.21195
4.21195
4.21195
4.21195
4.21195
4.21195
4.21195
4.21195
4.21195
4.21195
4.21195
4.21195
4.21195
4.21195
4.21195
4.21195
4.21195
4.21195
4.21195
4.21195
4.21195
4.21195
4.21195
4.21195
4.21195
4.21195
4.21195
4.21195
4.21195
4.21195
4.21195
