14.489
12.7601
11.4015
10.5418
9.49119
9.12375
8.78713
8.55034
8.30551
7.98517
7.74696
7.44974
7.14968
7.00185
6.81104
6.58169
6.37059
6.21795
6.10503
6.02092
5.87278
5.78831
5.7532
5.70267
5.61108
5.50011
5.37965
5.32655
5.28516
5.198
5.11477
5.07573
5.04501
5.01569
4.98729
4.94898
4.89029
4.84838
4.812
4.78635
4.7681
4.74872
4.73003
4.7229
4.70557
4.6905
4.67139
4.64667
4.62764
4.62226
4.62047
4.62521
4.64194
4.6303
4.59714
4.54865
4.52575
4.51833
4.51756
4.51756
4.51756
4.51756
4.51756
4.51756
4.51756
4.51753
4.51388
4.49838
4.48198
4.47045
4.46771
4.46771
4.46771
4.46771
4.46771
4.46771
4.46755
4.4676
4.45551
4.42787
4.41195
4.40872
4.40748
4.40026
4.38953
4.38698
4.38698
4.38698
4.38698
4.38698
4.38698
4.38698
4.38698
4.38698
4.38698
4.38698
4.38698
4.38698
4.38698
4.38698
4.38698
4.38698
4.38698
4.38698
4.38698
4.38698
4.38698
4.38698
4.38698
4.38698
4.38698
4.38698
4.38698
4.38698
4.38698
4.38698
4.38698
4.38698
4.38698
4.38698
4.38697
4.39308
4.40925
4.39279
4.37907
4.36153
4.34633
4.32949
4.31132
4.30551
4.30551
4.30551
4.30551
4.30551
4.30551
4.30551
4.30551
4.30551
4.30551
4.30551
4.30551
4.30551
4.30551
4.30551
4.30551
4.30551
4.30551
4.30551
4.30551
4.30551
4.30551
4.30551
4.30551
4.30551
4.30551
4.30551
4.30551
4.30551
4.30551
4.30551
4.30551
4.30551
4.30551
4.30551
4.30551
4.30551
4.30551
4.30551
4.30551
4.30551
4.30551
4.30551
4.30551
4.30551
4.30551
4.30551
4.30551
4.30551
4.30551
4.30551
4.30551
4.30551
4.30551
4.30551
4.30551
4.30551
4.30551
4.30551
4.30551
4.30551
4.30551
4.30551
4.30551
4.30551
4.30551
4.30551
4.30551
4.30551
4.30551
4.30551
4.30551
4.30551
4.30551
4.30551
4.30551
4.30551
4.30551
4.30551
4.30551
4.30551
4.30551
4.30551
4.30551
4.30551
4.30551
4.30551
4.30551
4.30551
4.30551
4.30551
4.30551
4.30551
4.30551
4.30551
4.30551
4.30551
4.30551
4.30551
4.30551
4.30551
4.30551
4.30551
4.30551
4.30551
4.30551
4.30551
4.30551
4.30551
4.30551
4.30551
4.30551
4.30551
4.30551
4.30551
4.30551
4.30551
4.30551
4.30551
4.30551
4.30551
4.30551
4.30551
4.30551
4.30551
4.30551
4.30551
4.30551
4.30551
4.30551
4.30551
4.30551
4.30551
4.30551
4.30551
4.30551
4.30551
4.30551
4.30551
4.30551
4.30551
4.30551
4.30551
4.30551
4.30551
4.30551
4.30551
4.30551
4.30551
4.30551
4.30551
4.30551
4.30551
4.30551
4.30551
4.30551
4.30551
4.30551
4.30551
4.30555
4.30551
4.30551
4.30551
4.30551
4.30551
4.30551
4.30551
4.30551
4.30551
4.30551
4.30551
4.30551
