14.5294
13.2061
12.3768
11.5677
10.9139
10.4702
10.0324
9.6254
9.2802
8.87864
8.59477
8.28245
7.96602
7.71042
7.58531
7.44526
7.28476
7.08119
6.92
6.75555
6.58076
6.43766
6.30072
6.21282
6.09589
5.95117
5.82469
5.77394
5.72645
5.65991
5.59727
5.52413
5.45283
5.37942
5.29307
5.22015
5.15434
5.1009
5.04749
4.97157
4.93861
4.90175
4.86265
4.8251
4.78627
4.75736
4.71437
4.66791
4.60743
4.56115
4.51455
4.48204
4.46919
4.46231
4.46765
4.41454
4.3731
4.36279
4.3578
4.35691
4.35371
4.34699
4.34355
4.34355
4.34355
4.34351
4.341
4.33469
4.32921
4.32407
4.32143
4.3207
4.3195
4.31579
4.30916
4.30549
4.30164
4.29596
4.29189
4.29097
4.29064
4.29064
4.29064
4.29064
4.29064
4.29064
4.29064
4.29064
4.29064
4.29064
4.29064
4.29064
4.29064
4.29064
4.29064
4.29064
4.29064
4.29064
4.29064
4.29064
4.29064
4.29064
4.29064
4.29064
4.29064
4.29064
4.29064
4.29064
4.29064
4.29064
4.29064
4.29064
4.29064
4.29064
4.29064
4.29061
4.28771
4.28119
4.2776
4.2773
4.2773
4.2773
4.2773
4.27727
4.27511
4.2713
4.26406
4.26249
4.26247
4.26247
4.26247
4.26247
4.26247
4.26247
4.26247
4.26247
4.26247
4.26247
4.26247
4.26247
4.26247
4.26244
4.26039
4.25429
4.25023
4.25023
4.25023
4.25023
4.25023
4.25023
4.25023
4.25023
4.25023
4.25023
4.25023
4.25023
4.25023
4.25023
4.25023
4.25023
4.25023
4.25023
4.25023
4.25023
4.25023
4.25023
4.25023
4.25023
4.25023
4.25023
4.25023
4.25023
4.25023
4.25023
4.25023
4.25023
4.25023
4.25023
4.25023
4.25023
4.25023
4.25023
4.25023
4.25023
4.25023
4.25023
4.25023
4.25023
4.25023
4.25023
4.25023
4.25023
4.25023
4.25023
4.25023
4.25023
4.25023
4.25023
4.25023
4.25023
4.25023
4.25023
4.25023
4.25023
4.25023
4.25023
4.25023
4.25023
4.25023
4.25023
4.25023
4.25023
4.25023
4.25023
4.25023
4.25023
4.25023
4.25023
4.25023
4.25023
4.25023
4.25023
4.25023
4.25023
4.25023
4.25023
4.25023
4.25023
4.25023
4.25023
4.25023
4.25023
4.25023
4.25023
4.25023
4.25023
4.25023
4.25023
4.25023
4.25023
4.25023
4.25023
4.25023
4.25023
4.25023
4.25023
4.25023
4.25023
4.25023
4.25023
4.25023
4.25023
4.25023
4.25023
4.25023
4.25023
4.25023
4.25023
4.25023
4.25023
4.25023
4.25023
4.25023
4.25023
4.25023
4.25023
4.25023
4.25023
4.25023
4.25023
4.25023
4.25023
4.25023
4.25023
4.25023
4.25023
4.25023
4.25023
4.25023
4.25023
4.25023
4.25023
4.25023
4.25023
4.25023
4.25023
4.25023
4.25023
4.25023
4.25023
4.25023
4.25023
4.25023
4.25023
4.25023
4.25023
4.25023
4.25023
4.25023
4.25023
4.25023
