14.5232
13.1592
12.3504
11.7787
11.2745
10.7792
9.95678
9.21033
8.8814
8.65132
8.40773
8.11157
7.84507
7.56661
7.138
6.8089
6.68299
6.5625
6.40952
6.26877
6.14114
5.98338
5.84118
5.76522
5.69548
5.63734
5.57543
5.49982
5.43026
5.38045
5.30705
5.2614
5.23542
5.202
5.16562
5.12895
5.09686
5.0683
5.02703
4.95734
4.91189
4.88705
4.84757
4.82857
4.82271
4.79082
4.72751
4.69068
4.67642
4.66372
4.64512
4.61813
4.60199
4.59013
4.56981
4.53958
4.51727
4.51326
4.51271
4.51197
4.5103
4.50921
4.50656
4.499
4.49162
4.48867
4.48858
4.48408
4.48126
4.45629
4.44524
4.44524
4.44524
4.44524
4.44524
4.44509
4.43876
4.44485
4.38323
4.37164
4.366
4.35213
4.34159
4.33963
4.33782
4.33379
4.3246
4.31324
4.30674
4.30656
4.30655
4.30598
4.30434
4.30353
4.30348
4.30348
4.30348
4.30348
4.30348
4.30348
4.30348
4.30348
4.30345
4.30029
4.2925
4.2879
4.2879
4.2879
4.2879
4.2879
4.2879
4.2879
4.2879
4.2879
4.2879
4.2879
4.2879
4.2879
4.2879
4.2879
4.2879
4.2879
4.2879
4.2879
4.2879
4.2879
4.2879
4.2879
4.2879
4.2879
4.2879
4.2879
4.2879
4.2879
4.2879
4.2879
4.2879
4.2879
4.2879
4.2879
4.2879
4.2879
4.28787
4.28468
4.27702
4.27002
4.26154
4.25708
4.25706
4.25706
4.25706
4.25706
4.25706
4.25706
4.25706
4.25706
4.25706
4.25706
4.25706
4.25706
4.25706
4.25706
4.25706
4.25706
4.25706
4.25706
4.25706
4.25705
4.25617
4.25396
4.25301
4.253
4.25306
4.253
4.253
4.253
4.253
4.253
4.253
4.253
4.253
4.253
4.253
4.253
4.253
4.253
4.253
4.253
4.253
4.253
4.253
4.253
4.253
4.253
4.253
4.253
4.253
4.253
4.253
4.253
4.253
4.253
4.253
4.253
4.253
4.253
4.253
4.253
4.253
4.253
4.253
4.253
4.253
4.253
4.253
4.253
4.253
4.253
4.253
4.253
4.253
4.253
4.253
4.253
4.253
4.253
4.253
4.253
4.253
4.253
4.25298
4.25049
4.24325
4.23935
4.2266
4.19442
4.18285
4.18263
4.18263
4.18263
4.18263
4.18263
4.18263
4.18263
4.18263
4.18263
4.18263
4.18263
4.18263
4.18263
4.18263
4.18263
4.18263
4.18263
4.18263
4.18263
4.18263
4.18263
4.18263
4.18263
4.18263
4.18263
4.18263
4.18263
4.18263
4.18263
4.1826
4.18053
4.17521
4.17246
4.17226
4.17226
4.17226
4.17226
4.17226
4.17226
4.17226
4.17226
4.17226
4.17226
4.17226
4.17226
4.17226
4.17226
4.17226
4.17226
4.17226
4.17226
4.17226
4.17226
4.17226
4.17226
4.17226
4.17226
4.17226
4.17226
4.17226
4.17226
4.17226
4.17226
4.17226
