14.5875
13.0308
11.7175
10.9
10.4056
9.88982
9.34102
9.05664
8.81377
8.56582
8.36708
8.14634
8.01572
7.90211
7.7803
7.62859
7.44934
7.3026
7.1518
7.0135
6.85732
6.70112
6.57657
6.4477
6.32254
6.14829
5.88844
5.74944
5.64493
5.53039
5.4627
5.40236
5.34582
5.29187
5.22179
5.18851
5.1412
5.09076
5.05847
5.01979
4.99247
4.95872
4.9156
4.88946
4.87062
4.85803
4.83711
4.80735
4.78401
4.77028
4.75834
4.73486
4.71113
4.69384
4.67813
4.66211
4.63427
4.59405
4.56325
4.54058
4.52029
4.50312
4.4874
4.47436
4.46115
4.45506
4.45408
4.45397
4.45397
4.45389
4.4442
4.42448
4.41208
4.41153
4.41153
4.41153
4.41153
4.41152
4.41094
4.41313
4.40955
4.40875
4.40875
4.40875
4.40875
4.40875
4.40875
4.40875
4.40875
4.40875
4.40875
4.4087
4.40392
4.39204
4.3833
4.38201
4.38201
4.38201
4.38201
4.38201
4.38201
4.38201
4.38201
4.38201
4.38201
4.38201
4.38201
4.38201
4.38201
4.38195
4.3744
4.35913
4.35106
4.34848
4.3486
4.34815
4.34815
4.34815
4.34815
4.34815
4.34815
4.34815
4.34815
4.34815
4.34815
4.34815
4.34815
4.34815
4.34815
4.34815
4.34815
4.34815
4.34815
4.34815
4.34815
4.34815
4.34815
4.34815
4.34815
4.34815
4.34815
4.34815
4.34815
4.34815
4.34815
4.34815
4.34815
4.34815
4.34815
4.34815
4.34815
4.34815
4.34815
4.34815
4.34815
4.34815
4.34815
4.34815
4.34815
4.34815
4.34815
4.34815
4.34815
4.34815
4.34815
4.34815
4.34815
4.34815
4.34815
4.34815
4.34815
4.34815
4.34815
4.34815
4.34815
4.34815
4.34815
4.34815
4.34815
4.34815
4.34815
4.34815
4.34815
4.34815
4.34815
4.34815
4.34815
4.34815
4.34815
4.34815
4.34815
4.34815
4.34815
4.34815
4.34815
4.34815
4.34815
4.34815
4.34815
4.34815
4.34815
4.34815
4.34815
4.34815
4.34815
4.34815
4.34815
4.34815
4.34815
4.34815
4.34815
4.34815
4.34815
4.34815
4.34815
4.34815
4.34815
4.34815
4.34815
4.34815
4.34815
4.34815
4.34815
4.34815
4.34815
4.34815
4.34815
4.34815
4.34815
4.34813
4.34567
4.3274
4.30493
4.29796
4.29749
4.29749
4.29749
4.29749
4.29749
4.29749
4.29749
4.29749
4.29749
4.29749
4.29749
4.29749
4.29749
4.29749
4.29749
4.29749
4.29749
4.29749
4.29749
4.29749
4.29749
4.29749
4.29749
4.29749
4.29749
4.29749
4.29749
4.29749
4.29749
4.29749
4.29749
4.29749
4.29749
4.29749
4.29749
4.29749
4.29749
4.29749
4.29749
4.29749
4.29749
4.29749
4.29749
4.29749
4.29749
4.29749
4.29749
4.29749
4.29749
4.29749
4.29749
4.29749
4.29749
4.29749
4.29749
4.29749
4.29749
4.29749
4.29749
4.29749
4.29749
4.29749
4.29749
4.29749
4.29749
4.29749
4.29749
