14.5506
13.0507
12.177
11.4686
10.8014
10.1442
9.59214
8.96882
8.51852
8.17796
7.88889
7.57948
7.29352
7.02555
6.77211
6.6728
6.55449
6.4781
6.36761
6.29682
6.24615
6.09125
5.90278
5.81372
5.77447
5.73846
5.66415
5.55365
5.43349
5.33253
5.18424
5.10562
5.05549
4.99461
4.94848
4.93855
4.92428
4.90291
4.88877
4.88788
4.88707
4.8535
4.7792
4.74001
4.72441
4.71607
4.71591
4.71588
4.71144
4.69975
4.69418
4.69318
4.69002
4.66143
4.61771
4.5781
4.56738
4.5541
4.52076
4.50834
4.50823
4.49999
4.4792
4.46085
4.45569
4.45556
4.45556
4.45556
4.45556
4.45556
4.45556
4.45556
4.45556
4.45556
4.45556
4.45556
4.45556
4.45556
4.45556
4.45546
4.45528
4.45508
4.44677
4.42478
4.41527
4.41527
4.41527
4.41527
4.41527
4.41516
4.40271
4.37317
4.36047
4.35982
4.35982
4.35982
4.35982
4.35982
4.35979
4.35802
4.35435
4.35203
4.35061
4.35061
4.35061
4.35061
4.35061
4.35061
4.35061
4.35061
4.35061
4.35061
4.35061
4.35061
4.35061
4.35061
4.35061
4.35052
4.34347
4.32443
4.31145
4.30792
4.30792
4.30792
4.30792
4.30792
4.30792
4.30792
4.30792
4.30792
4.30792
4.30792
4.30792
4.30792
4.30792
4.30792
4.30792
4.30792
4.30792
4.30792
4.30792
4.30792
4.30792
4.30792
4.30792
4.30792
4.30792
4.30792
4.30792
4.30792
4.30792
4.30792
4.30792
4.30792
4.30792
4.30792
4.30792
4.30792
4.30792
4.30792
4.30792
4.30792
4.30792
4.30792
4.30792
4.30792
4.30792
4.30792
4.30792
4.30781
4.30755
4.30742
4.30742
4.30742
4.30742
4.30742
4.30742
4.30742
4.30742
4.30742
4.3074
4.30543
4.30115
4.29863
4.29863
4.29863
4.29863
4.29863
4.29863
4.29863
4.29863
4.29863
4.29863
4.29863
4.29863
4.29863
4.29863
4.29863
4.29863
4.29863
4.29863
4.29863
4.29863
4.29863
4.29863
4.29863
4.29863
4.29863
4.29863
4.29863
4.29863
4.29863
4.29863
4.29863
4.29863
4.29863
4.29863
4.29863
4.29863
4.29863
4.29863
4.29863
4.29863
4.29863
4.29863
4.29863
4.29863
4.29863
4.29863
4.29863
4.29863
4.29863
4.29863
4.29863
4.29863
4.29863
4.29863
4.29863
4.29863
4.29863
4.29863
4.29863
4.29863
4.29863
4.29863
4.29863
4.29863
4.29863
4.29863
4.29863
4.29863
4.29863
4.29863
4.29863
4.29863
4.29863
4.29863
4.29863
4.29863
4.29863
4.29863
4.29863
4.29863
4.29863
4.29863
4.29863
4.29863
4.29863
4.29863
4.29863
4.29863
4.29863
4.29863
4.29863
4.29863
4.29863
4.29863
4.29863
4.29863
4.29863
4.29863
4.29863
4.29863
4.29863
4.29863
4.29863
4.29863
4.29863
4.29863
4.29863
4.29863
4.29863
4.29863
4.29863
4.29863
4.29863
4.29863
4.29863
4.29863
4.29863
4.29863
