12.3521
11.4118
10.8054
10.4865
10.1275
9.78701
9.13051
8.8292
8.25507
7.61341
7.48364
7.3878
7.19226
7.09642
7.01457
6.91489
6.83092
6.78739
6.57072
6.335
6.20696
6.19066
5.9391
5.92729
5.84555
5.79062
5.74826
5.67905
5.60879
5.49551
5.44274
5.38971
5.35216
5.31746
5.26673
5.21792
5.19426
5.1631
5.14173
5.12539
5.07435
4.99786
4.95225
4.93753
4.90382
4.85512
4.77619
4.70375
4.6842
4.6842
4.6774
4.65226
4.60672
4.58158
4.55131
4.51238
4.50991
4.50991
4.50055
4.49661
4.48726
4.48405
4.48405
4.48405
4.48405
4.48405
4.48405
4.48405
4.47426
4.47426
4.47426
4.45868
4.45868
4.43925
4.43925
4.43925
4.43925
4.41541
4.41541
4.41541
4.38063
4.38063
4.36133
4.36133
4.33056
4.33056
4.33056
4.33056
4.33056
4.33056
4.33056
4.33056
4.33056
4.33056
4.33056
4.33056
4.33056
4.33056
4.33056
4.33056
4.33056
4.33056
4.33056
4.33056
4.33056
4.33056
4.33056
4.33056
4.33056
4.33056
4.33056
4.33056
4.33056
4.33056
4.33056
4.33056
4.33056
4.33056
4.33056
4.33056
4.33056
4.33056
4.33056
4.33056
4.33056
4.33056
4.33056
4.31372
4.31247
4.31247
4.31247
4.31247
4.31247
4.31247
4.31247
4.31247
4.31247
4.31247
4.31247
4.31088
4.31088
4.31088
4.31088
4.31088
4.31088
4.31088
4.31088
4.31088
4.31088
4.31088
4.31088
4.31088
4.31018
4.31018
4.31018
4.31018
4.31018
4.31018
4.31018
4.31018
4.31018
4.31018
4.30556
4.30556
4.30556
4.30556
4.30556
4.30331
4.2665
4.2665
4.2665
4.2665
4.2665
4.2665
4.2665
4.2665
4.2665
4.2665
4.2665
4.2665
4.2665
4.2665
4.2665
4.2665
4.2665
4.2665
4.2665
4.2665
4.2665
4.2665
4.2665
4.2665
4.2665
4.2665
4.2665
4.2665
4.2665
4.2665
4.2665
4.2665
4.2665
4.2665
4.2665
4.2665
4.2665
4.2665
4.2665
4.2665
4.2665
4.2665
4.2665
4.2665
4.2665
4.2665
4.2665
4.2665
4.2665
4.2665
4.2665
4.2665
4.2665
4.2665
4.2665
4.2665
4.2665
4.2665
4.2665
4.2665
4.2665
4.2665
4.2665
4.2665
4.2665
4.2665
4.2665
4.2665
4.2665
4.2665
4.2665
4.2665
4.2665
4.2665
4.2665
4.2665
4.2665
4.2665
4.2665
4.2665
4.2665
4.2665
4.2665
4.2665
4.2665
4.21195
4.21195
4.21195
4.21195
4.21195
4.21195
4.21195
4.21195
4.21195
4.21195
4.21195
4.21195
4.21195
4.21195
4.21195
4.21195
4.21195
4.21195
4.21195
4.21195
4.21195
4.21195
4.21195
4.21195
4.21195
4.21195
4.21195
4.21195
4.21195
4.21195
4.21195
4.21195
4.21195
4.21195
4.21195
4.21195
4.21195
4.21195
4.21195
4.21195
4.21195
4.21195
4.21195
4.21195
4.21195
4.21195
4.21195
4.21195
