12.5887
11.7579
11.1648
10.5106
10.1842
9.62805
9.4288
9.01106
8.67961
8.28523
7.90595
7.64953
7.57124
7.43058
7.28723
7.0635
6.91777
6.77318
6.61462
6.46763
6.3172
6.23119
6.13492
6.0187
5.8144
5.77087
5.73598
5.66048
5.61166
5.51588
5.45703
5.38383
5.30986
5.22269
5.15949
5.10849
5.06287
4.95994
4.91518
4.8794
4.84724
4.83132
4.78387
4.76366
4.7217
4.66771
4.60704
4.57326
4.49391
4.47478
4.47478
4.45523
4.44331
4.37572
4.37572
4.3567
4.3567
4.3567
4.3567
4.34355
4.34355
4.34355
4.34355
4.34355
4.34355
4.33136
4.33136
4.32151
4.32151
4.32098
4.31893
4.31893
4.30459
4.30459
4.30459
4.29064
4.29064
4.29064
4.29064
4.29064
4.29064
4.29064
4.29064
4.29064
4.29064
4.29064
4.29064
4.29064
4.29064
4.29064
4.29064
4.29064
4.29064
4.29064
4.29064
4.29064
4.29064
4.29064
4.29064
4.29064
4.29064
4.29064
4.29064
4.29064
4.29064
4.29064
4.29064
4.29064
4.29064
4.29064
4.29064
4.29064
4.29064
4.29064
4.29064
4.2773
4.2773
4.2773
4.2773
4.2773
4.2773
4.2773
4.2773
4.26436
4.26247
4.26247
4.26247
4.26247
4.26247
4.26247
4.26247
4.26247
4.26247
4.26247
4.26247
4.26247
4.26247
4.26247
4.26247
4.26247
4.26247
4.25023
4.25023
4.25023
4.25023
4.25023
4.25023
4.25023
4.25023
4.25023
4.25023
4.25023
4.25023
4.25023
4.25023
4.25023
4.25023
4.25023
4.25023
4.25023
4.25023
4.25023
4.25023
4.25023
4.25023
4.25023
4.25023
4.25023
4.25023
4.25023
4.25023
4.25023
4.25023
4.25023
4.25023
4.25023
4.25023
4.25023
4.25023
4.25023
4.25023
4.25023
4.25023
4.25023
4.25023
4.25023
4.25023
4.25023
4.25023
4.25023
4.25023
4.25023
4.25023
4.25023
4.25023
4.25023
4.25023
4.25023
4.25023
4.25023
4.25023
4.25023
4.25023
4.25023
4.25023
4.25023
4.25023
4.25023
4.25023
4.25023
4.25023
4.25023
4.25023
4.25023
4.25023
4.25023
4.25023
4.25023
4.25023
4.25023
4.25023
4.25023
4.25023
4.25023
4.25023
4.25023
4.25023
4.25023
4.25023
4.25023
4.25023
4.25023
4.25023
4.25023
4.25023
4.25023
4.25023
4.25023
4.25023
4.25023
4.25023
4.25023
4.25023
4.25023
4.25023
4.25023
4.25023
4.25023
4.25023
4.25023
4.25023
4.25023
4.25023
4.25023
4.25023
4.25023
4.25023
4.25023
4.25023
4.25023
4.25023
4.25023
4.25023
4.25023
4.25023
4.25023
4.25023
4.25023
4.25023
4.25023
4.25023
4.25023
4.25023
4.25023
4.25023
4.25023
4.25023
4.25023
4.25023
4.25023
4.25023
4.25023
4.25023
4.25023
4.25023
4.25023
4.25023
4.25023
4.25023
4.25023
4.25023
4.25023
4.25023
4.25023
4.25023
4.25023
4.25023
4.25023
4.25023
4.25023
4.25023
