11.5923
11.0315
9.58944
9.23027
8.91716
8.58857
8.33832
8.05462
7.81102
7.61101
7.11984
7.02108
6.74774
6.60491
6.39114
6.19978
6.09914
6.04348
5.92346
5.80752
5.75186
5.73686
5.62107
5.54798
5.3637
5.32639
5.2956
5.2286
5.10107
5.07956
5.05118
5.01349
4.99187
4.93582
4.869
4.85576
4.8069
4.78735
4.77038
4.75714
4.72293
4.72293
4.70758
4.6776
4.6776
4.64301
4.62305
4.62305
4.61956
4.61956
4.61453
4.57161
4.56169
4.53029
4.51756
4.51756
4.51756
4.51756
4.51756
4.51756
4.51756
4.51756
4.51756
4.51756
4.51756
4.50206
4.4799
4.46771
4.46771
4.46771
4.46771
4.46771
4.46771
4.46771
4.46771
4.46525
4.46525
4.40873
4.40873
4.40873
4.40873
4.40418
4.38698
4.38698
4.38698
4.38698
4.38698
4.38698
4.38698
4.38698
4.38698
4.38698
4.38698
4.38698
4.38698
4.38698
4.38698
4.38698
4.38698
4.38698
4.38698
4.38698
4.38698
4.38698
4.38698
4.38698
4.38698
4.38698
4.38698
4.38698
4.38698
4.38698
4.38698
4.38698
4.38698
4.38698
4.38698
4.38698
4.38698
4.38698
4.38403
4.38403
4.38281
4.35832
4.3513
4.32886
4.30551
4.30551
4.30551
4.30551
4.30551
4.30551
4.30551
4.30551
4.30551
4.30551
4.30551
4.30551
4.30551
4.30551
4.30551
4.30551
4.30551
4.30551
4.30551
4.30551
4.30551
4.30551
4.30551
4.30551
4.30551
4.30551
4.30551
4.30551
4.30551
4.30551
4.30551
4.30551
4.30551
4.30551
4.30551
4.30551
4.30551
4.30551
4.30551
4.30551
4.30551
4.30551
4.30551
4.30551
4.30551
4.30551
4.30551
4.30551
4.30551
4.30551
4.30551
4.30551
4.30551
4.30551
4.30551
4.30551
4.30551
4.30551
4.30551
4.30551
4.30551
4.30551
4.30551
4.30551
4.30551
4.30551
4.30551
4.30551
4.30551
4.30551
4.30551
4.30551
4.30551
4.30551
4.30551
4.30551
4.30551
4.30551
4.30551
4.30551
4.30551
4.30551
4.30551
4.30551
4.30551
4.30551
4.30551
4.30551
4.30551
4.30551
4.30551
4.30551
4.30551
4.30551
4.30551
4.30551
4.30551
4.30551
4.30551
4.30551
4.30551
4.30551
4.30551
4.30551
4.30551
4.30551
4.30551
4.30551
4.30551
4.30551
4.30551
4.30551
4.30551
4.30551
4.30551
4.30551
4.30551
4.30551
4.30551
4.30551
4.30551
4.30551
4.30551
4.30551
4.30551
4.30551
4.30551
4.30551
4.30551
4.30551
4.30551
4.30551
4.30551
4.30551
4.30551
4.30551
4.30551
4.30551
4.30551
4.30551
4.30551
4.30551
4.30551
4.30551
4.30551
4.30551
4.30551
4.30551
4.30551
4.30551
4.30551
4.30551
4.30551
4.30551
4.30551
4.30551
4.30551
4.30551
4.30551
4.30551
4.30551
4.30551
4.30551
4.30551
4.30551
4.30551
4.30551
4.30551
4.30551
4.30551
4.30551
4.30551
4.30551
4.30551
4.30551
