12.2915
11.152
10.3995
9.77885
9.38229
9.1404
8.79634
8.4962
8.36645
8.17228
8.00459
7.87198
7.78482
7.56099
7.45933
7.28274
7.11832
6.97864
6.85661
6.73602
6.59835
6.4856
6.278
6.25527
5.89373
5.68346
5.61311
5.4927
5.45067
5.4073
5.32555
5.26561
5.19446
5.16276
5.13469
5.08563
5.05393
5.01611
4.99031
4.95258
4.91719
4.89294
4.86402
4.86402
4.83832
4.80854
4.7884
4.76809
4.76809
4.72752
4.71433
4.69151
4.6792
4.65608
4.64846
4.59223
4.55718
4.55147
4.50498
4.50285
4.48354
4.4757
4.45968
4.45397
4.45397
4.45397
4.45397
4.45397
4.45397
4.41153
4.41153
4.41153
4.41153
4.41153
4.41153
4.41153
4.41153
4.40875
4.40875
4.40875
4.40875
4.40875
4.40875
4.40875
4.40875
4.40875
4.40875
4.40875
4.40875
4.40875
4.40875
4.38201
4.38201
4.38201
4.38201
4.38201
4.38201
4.38201
4.38201
4.38201
4.38201
4.38201
4.38201
4.38201
4.38201
4.38201
4.38201
4.38201
4.38201
4.34815
4.34815
4.34815
4.34815
4.34815
4.34815
4.34815
4.34815
4.34815
4.34815
4.34815
4.34815
4.34815
4.34815
4.34815
4.34815
4.34815
4.34815
4.34815
4.34815
4.34815
4.34815
4.34815
4.34815
4.34815
4.34815
4.34815
4.34815
4.34815
4.34815
4.34815
4.34815
4.34815
4.34815
4.34815
4.34815
4.34815
4.34815
4.34815
4.34815
4.34815
4.34815
4.34815
4.34815
4.34815
4.34815
4.34815
4.34815
4.34815
4.34815
4.34815
4.34815
4.34815
4.34815
4.34815
4.34815
4.34815
4.34815
4.34815
4.34815
4.34815
4.34815
4.34815
4.34815
4.34815
4.34815
4.34815
4.34815
4.34815
4.34815
4.34815
4.34815
4.34815
4.34815
4.34815
4.34815
4.34815
4.34815
4.34815
4.34815
4.34815
4.34815
4.34815
4.34815
4.34815
4.34815
4.34815
4.34815
4.34815
4.34815
4.34815
4.34815
4.34815
4.34815
4.34815
4.34815
4.34815
4.34815
4.34815
4.34815
4.34815
4.34815
4.34815
4.34815
4.34815
4.34815
4.34815
4.34815
4.34815
4.34815
4.34815
4.34815
4.34815
4.34815
4.34815
4.34815
4.34815
4.34815
4.34815
4.34815
4.34068
4.29749
4.29749
4.29749
4.29749
4.29749
4.29749
4.29749
4.29749
4.29749
4.29749
4.29749
4.29749
4.29749
4.29749
4.29749
4.29749
4.29749
4.29749
4.29749
4.29749
4.29749
4.29749
4.29749
4.29749
4.29749
4.29749
4.29749
4.29749
4.29749
4.29749
4.29749
4.29749
4.29749
4.29749
4.29749
4.29749
4.29749
4.29749
4.29749
4.29749
4.29749
4.29749
4.29749
4.29749
4.29749
4.29749
4.29749
4.29749
4.29749
4.29749
4.29749
4.29749
4.29749
4.29749
4.29749
4.29749
4.29749
4.29749
4.29749
4.29749
4.29749
4.29749
4.29749
4.29749
4.29749
4.29749
4.29749
4.29749
4.29749
4.29749
4.29749
