12.3666
11.7311
11.3405
11.0029
10.4167
9.30855
8.90454
8.649
8.5055
8.13619
7.90109
7.70605
7.23447
6.79454
6.68829
6.59147
6.43299
6.20781
6.14229
5.96085
5.82567
5.7784
5.72022
5.6507
5.59176
5.52119
5.44
5.39265
5.33991
5.25489
5.24299
5.18323
5.18323
5.12708
5.10275
5.06545
5.04712
4.97224
4.91388
4.88806
4.85095
4.82514
4.82293
4.82269
4.71406
4.69224
4.67361
4.66985
4.62667
4.61711
4.60096
4.59249
4.5801
4.53222
4.51503
4.5126
4.5126
4.5126
4.50927
4.50927
4.50927
4.49967
4.48867
4.48867
4.48867
4.48867
4.44524
4.44524
4.44524
4.44524
4.44524
4.44524
4.44524
4.44524
4.44524
4.37127
4.37127
4.37127
4.37127
4.33965
4.33965
4.33965
4.33965
4.32769
4.32769
4.30656
4.30656
4.30656
4.30656
4.30656
4.30348
4.30348
4.30348
4.30348
4.30348
4.30348
4.30348
4.30348
4.30348
4.30348
4.30348
4.30348
4.2879
4.2879
4.2879
4.2879
4.2879
4.2879
4.2879
4.2879
4.2879
4.2879
4.2879
4.2879
4.2879
4.2879
4.2879
4.2879
4.2879
4.2879
4.2879
4.2879
4.2879
4.2879
4.2879
4.2879
4.2879
4.2879
4.2879
4.2879
4.2879
4.2879
4.2879
4.2879
4.2879
4.2879
4.2879
4.2879
4.2879
4.2879
4.2879
4.2879
4.27343
4.27343
4.25706
4.25706
4.25706
4.25706
4.25706
4.25706
4.25706
4.25706
4.25706
4.25706
4.25706
4.25706
4.25706
4.25706
4.25706
4.25706
4.25706
4.25706
4.25706
4.25706
4.25706
4.25706
4.25706
4.253
4.253
4.253
4.253
4.253
4.253
4.253
4.253
4.253
4.253
4.253
4.253
4.253
4.253
4.253
4.253
4.253
4.253
4.253
4.253
4.253
4.253
4.253
4.253
4.253
4.253
4.253
4.253
4.253
4.253
4.253
4.253
4.253
4.253
4.253
4.253
4.253
4.253
4.253
4.253
4.253
4.253
4.253
4.253
4.253
4.253
4.253
4.253
4.253
4.253
4.253
4.253
4.253
4.253
4.253
4.253
4.253
4.253
4.253
4.253
4.253
4.253
4.253
4.24197
4.23848
4.23848
4.18611
4.18263
4.18263
4.18263
4.18263
4.18263
4.18263
4.18263
4.18263
4.18263
4.18263
4.18263
4.18263
4.18263
4.18263
4.18263
4.18263
4.18263
4.18263
4.18263
4.18263
4.18263
4.18263
4.18263
4.18263
4.18263
4.18263
4.18263
4.18263
4.18263
4.18263
4.18263
4.18263
4.17226
4.17226
4.17226
4.17226
4.17226
4.17226
4.17226
4.17226
4.17226
4.17226
4.17226
4.17226
4.17226
4.17226
4.17226
4.17226
4.17226
4.17226
4.17226
4.17226
4.17226
4.17226
4.17226
4.17226
4.17226
4.17226
4.17226
4.17226
4.17226
4.17226
4.17226
4.17226
4.17226
4.17226
4.17226
