12.1819
11.7348
11.0396
10.1933
9.87755
9.09597
8.62643
8.27009
7.89404
7.62065
7.24207
7.16244
6.78154
6.66299
6.51729
6.45116
6.28631
6.28631
6.22906
6.15243
5.88563
5.79404
5.7788
5.74977
5.64018
5.56484
5.39524
5.36621
5.14792
5.09269
5.07183
4.96816
4.94046
4.93614
4.93614
4.88789
4.88789
4.88789
4.88789
4.88568
4.7473
4.74509
4.71812
4.71591
4.71591
4.71591
4.71591
4.69704
4.6932
4.6932
4.6932
4.67296
4.59601
4.57499
4.56563
4.56563
4.50834
4.50834
4.50834
4.50834
4.46285
4.45556
4.45556
4.45556
4.45556
4.45556
4.45556
4.45556
4.45556
4.45556
4.45556
4.45556
4.45556
4.45556
4.45556
4.45556
4.45556
4.45556
4.45516
4.45516
4.45516
4.41527
4.41527
4.41527
4.41527
4.41527
4.41527
4.41527
4.41527
4.35982
4.35982
4.35982
4.35982
4.35982
4.35982
4.35982
4.35982
4.35982
4.35061
4.35061
4.35061
4.35061
4.35061
4.35061
4.35061
4.35061
4.35061
4.35061
4.35061
4.35061
4.35061
4.35061
4.35061
4.35061
4.35061
4.35061
4.35061
4.30792
4.30792
4.30792
4.30792
4.30792
4.30792
4.30792
4.30792
4.30792
4.30792
4.30792
4.30792
4.30792
4.30792
4.30792
4.30792
4.30792
4.30792
4.30792
4.30792
4.30792
4.30792
4.30792
4.30792
4.30792
4.30792
4.30792
4.30792
4.30792
4.30792
4.30792
4.30792
4.30792
4.30792
4.30792
4.30792
4.30792
4.30792
4.30792
4.30792
4.30792
4.30792
4.30792
4.30792
4.30792
4.30792
4.30792
4.30792
4.30792
4.30792
4.30792
4.30742
4.30742
4.30742
4.30742
4.30742
4.30742
4.30742
4.30742
4.30742
4.30742
4.30742
4.30742
4.29863
4.29863
4.29863
4.29863
4.29863
4.29863
4.29863
4.29863
4.29863
4.29863
4.29863
4.29863
4.29863
4.29863
4.29863
4.29863
4.29863
4.29863
4.29863
4.29863
4.29863
4.29863
4.29863
4.29863
4.29863
4.29863
4.29863
4.29863
4.29863
4.29863
4.29863
4.29863
4.29863
4.29863
4.29863
4.29863
4.29863
4.29863
4.29863
4.29863
4.29863
4.29863
4.29863
4.29863
4.29863
4.29863
4.29863
4.29863
4.29863
4.29863
4.29863
4.29863
4.29863
4.29863
4.29863
4.29863
4.29863
4.29863
4.29863
4.29863
4.29863
4.29863
4.29863
4.29863
4.29863
4.29863
4.29863
4.29863
4.29863
4.29863
4.29863
4.29863
4.29863
4.29863
4.29863
4.29863
4.29863
4.29863
4.29863
4.29863
4.29863
4.29863
4.29863
4.29863
4.29863
4.29863
4.29863
4.29863
4.29863
4.29863
4.29863
4.29863
4.29863
4.29863
4.29863
4.29863
4.29863
4.29863
4.29863
4.29863
4.29863
4.29863
4.29863
4.29863
4.29863
4.29863
4.29863
4.29863
4.29863
4.29863
4.29863
4.29863
4.29863
4.29863
4.29863
4.29863
4.29863
4.29863
4.29863
4.29863
4.29863
