14.5232
13.1592
12.3504
11.7787
11.2745
10.7792
9.95678
9.21033
8.8814
8.65132
8.40773
8.11157
7.84507
7.56661
7.138
6.8089
6.68299
6.5625
6.40952
6.26877
6.14213
5.9974
5.88641
5.76325
5.61454
5.55533
5.52311
5.47727
5.42032
5.36843
5.30989
5.27631
5.23235
5.18145
5.09585
5.02672
4.96036
4.86899
4.81479
4.77299
4.73478
4.70647
4.68076
4.67291
4.66872
4.66456
4.66057
4.65025
4.63053
4.6148
4.61035
4.60448
4.59575
4.57631
4.55491
4.53866
4.51169
4.48922
4.4801
4.4788
4.4788
4.4788
4.4788
4.4788
4.4788
4.4788
4.4788
4.4788
4.47863
4.46016
4.40859
4.39226
4.39213
4.39213
4.39209
4.38718
4.37734
4.37282
4.37212
4.37103
4.36211
4.35012
4.34462
4.34448
4.34386
4.34442
4.34152
4.34017
4.34017
4.34017
4.34017
4.34017
4.34017
4.34017
4.34017
4.34017
4.34017
4.34017
4.34017
4.34017
4.33975
4.30368
4.1931
4.13976
4.12983
4.12983
4.12983
4.12983
4.12983
4.12981
4.1281
4.12356
4.12159
4.12119
4.12119
4.12119
4.12119
4.12119
4.12119
4.12119
4.12119
4.12119
4.12119
4.12119
4.12119
4.12119
4.12119
4.12119
4.12119
4.12119
4.12119
4.12119
4.12119
4.12119
4.12119
4.12119
4.12119
4.12119
4.12119
4.12119
4.12119
4.12119
4.12119
4.12119
4.12119
4.12119
4.12119
4.12119
4.12119
4.12119
4.12119
4.12119
4.12119
4.12119
4.12119
4.12119
4.12119
4.12119
4.12119
4.12119
4.12119
4.12119
4.12119
4.12119
4.12119
4.12119
4.12119
4.12119
4.12119
4.12119
4.12119
4.12119
4.12119
4.12119
4.12119
4.12138
4.12119
4.12119
4.12119
4.12119
4.12119
4.12119
4.12119
4.12119
4.12119
4.12119
4.12119
4.12119
4.12119
4.12119
4.12119
4.12119
4.12119
4.12119
4.12119
4.12119
4.12119
4.12119
4.12119
4.12119
4.12119
4.12119
4.12119
4.12119
4.12119
4.12119
4.12119
4.12119
4.12119
4.12119
4.12119
4.12119
4.12119
4.12119
4.12119
4.12119
4.12119
4.12119
4.12119
4.12119
4.12119
4.12119
4.12119
4.12119
4.12119
4.12119
4.12119
4.12119
4.12119
4.12119
4.12119
4.12119
4.12119
4.12119
4.12119
4.12119
4.12119
4.12119
4.12119
4.12119
4.12119
4.12119
4.12119
4.12119
4.12119
4.12119
4.12119
4.12119
4.12119
4.12119
4.12119
4.12119
4.12119
4.12119
4.12119
4.12119
4.12119
4.12119
4.12119
4.12119
4.12119
4.12119
4.12119
4.12119
4.12119
4.12119
4.12119
4.12119
4.12119
4.12119
4.12119
4.12119
4.12119
4.12119
4.12119
4.12119
4.12119
4.12119
4.12119
4.12119
4.12119
4.12119
4.12119
4.12119
4.12119
4.12119
4.12119
4.12119
4.12119
4.12119
4.12119
4.12119
4.12119
4.12119
4.12119
4.12119
4.12119
4.12119
4.12119
4.12119
4.12119
