14.5228
13.1076
12.07
11.4526
10.8965
10.403
10.0284
9.50793
9.0474
8.6618
8.2158
7.79069
7.47081
7.32974
7.20372
7.1019
7.01748
6.9259
6.84424
6.72838
6.54396
6.37234
5.99471
5.73292
5.68298
5.6059
5.53977
5.47051
5.41201
5.34133
5.25652
5.1984
5.17008
5.12941
5.09547
5.08011
5.05992
5.02948
5.00426
4.93056
4.84986
4.81012
4.78468
4.74216
4.69113
4.66694
4.65266
4.62962
4.61128
4.59862
4.5985
4.62849
4.58706
4.57053
4.56144
4.53442
4.52079
4.50554
4.49911
4.4989
4.49631
4.48017
4.44641
4.36556
4.33666
4.33417
4.33417
4.33417
4.33417
4.33399
4.31489
4.27122
4.24738
4.23048
4.22303
4.22196
4.22196
4.22196
4.22194
4.21937
4.21407
4.21154
4.21088
4.21088
4.21088
4.21088
4.21086
4.21081
4.21078
4.21078
4.21078
4.21078
4.21078
4.21078
4.21074
4.20577
4.1835
4.1585
4.14813
4.14813
4.14813
4.14813
4.14813
4.14813
4.14813
4.14813
4.14813
4.14813
4.14813
4.14813
4.14813
4.14813
4.14813
4.14813
4.14813
4.14813
4.14813
4.14813
4.14813
4.14813
4.14808
4.14215
4.1296
4.12211
4.12119
4.12119
4.12119
4.12119
4.12119
4.12119
4.12119
4.12119
4.12119
4.12119
4.12119
4.12119
4.12119
4.12119
4.12119
4.12119
4.12119
4.12119
4.12119
4.12119
4.12119
4.12119
4.12119
4.12119
4.12119
4.12119
4.12119
4.12119
4.12119
4.12119
4.12119
4.12119
4.12119
4.12119
4.12119
4.12119
4.12119
4.12119
4.12119
4.12119
4.12119
4.12119
4.12119
4.12119
4.12119
4.12119
4.12119
4.12119
4.12119
4.12119
4.12119
4.12119
4.12119
4.12119
4.12119
4.12119
4.12119
4.12119
4.12119
4.12119
4.12119
4.12119
4.12119
4.12119
4.12119
4.12119
4.12119
4.12119
4.12119
4.12119
4.12119
4.12119
4.12119
4.12119
4.12119
4.12119
4.12119
4.12119
4.12119
4.12119
4.12119
4.12119
4.12119
4.12119
4.12119
4.12119
4.12119
4.12119
4.12119
4.12119
4.12119
4.12119
4.12119
4.12119
4.12119
4.12119
4.12119
4.12119
4.12119
4.12119
4.12119
4.12119
4.12119
4.12119
4.12119
4.12119
4.12119
4.12119
4.12119
4.12119
4.12119
4.12119
4.12119
4.12119
4.12119
4.12119
4.12119
4.12119
4.12119
4.12119
4.12119
4.12119
4.12119
4.12119
4.12119
4.12119
4.12119
4.12119
4.12119
4.12119
4.12119
4.12119
4.12119
4.12119
4.12119
4.12119
4.12119
4.12119
4.12119
4.12119
4.12119
4.12119
4.12119
4.12119
4.12119
4.12119
4.12119
4.12119
4.12119
4.12119
4.12119
4.12119
4.12119
4.12119
4.12119
4.12119
4.12119
4.12119
4.12119
4.12119
4.12119
4.12119
4.12119
4.12119
4.12119
4.12119
4.12119
4.12119
4.12119
4.12119
4.12119
4.12119
4.12119
4.12119
4.12119
4.12119
4.12119
