14.5294
13.2061
12.3768
11.5677
10.9139
10.4702
10.0324
9.6254
9.2802
8.87864
8.59477
8.28245
7.96602
7.71042
7.58531
7.44526
7.28476
7.08119
6.92
6.75555
6.58054
6.4699
6.33299
6.18329
6.04192
5.91451
5.81189
5.73639
5.65315
5.59423
5.56243
5.54385
5.50968
5.4437
5.37366
5.28188
5.1988
5.14904
5.12694
5.09929
5.07148
5.03677
4.96779
4.84361
4.76563
4.7113
4.64797
4.5836
4.55918
4.55545
4.53449
4.4964
4.48119
4.47439
4.45755
4.44142
4.42641
4.4123
4.38913
4.37427
4.36036
4.35256
4.34315
4.33533
4.32346
4.29653
4.2614
4.23893
4.234
4.22403
4.2165
4.2165
4.2165
4.2165
4.21642
4.20761
4.18844
4.17625
4.1741
4.1741
4.1741
4.1741
4.1741
4.1741
4.1741
4.1741
4.1741
4.1741
4.1741
4.1741
4.1741
4.1741
4.1741
4.1741
4.17402
4.16389
4.14226
4.13202
4.12983
4.12983
4.12983
4.12983
4.12983
4.12983
4.12983
4.12981
4.12808
4.12397
4.12121
4.12119
4.12119
4.12119
4.12119
4.12119
4.12119
4.12119
4.12119
4.12119
4.12119
4.12119
4.12119
4.12119
4.12119
4.12119
4.12119
4.12119
4.12119
4.12119
4.12119
4.12119
4.12119
4.12119
4.12119
4.12119
4.12119
4.12119
4.12119
4.12119
4.12119
4.12119
4.12119
4.12119
4.12119
4.12119
4.12119
4.12119
4.12119
4.12119
4.12119
4.12119
4.12119
4.12119
4.12119
4.12119
4.12119
4.12119
4.12119
4.12119
4.12119
4.12119
4.12119
4.12119
4.12119
4.12119
4.12119
4.12119
4.12119
4.12119
4.12119
4.12119
4.12119
4.12119
4.12119
4.12119
4.12119
4.12119
4.12119
4.12119
4.12119
4.12119
4.12119
4.12119
4.12119
4.12119
4.12119
4.12119
4.12119
4.12119
4.12119
4.12119
4.12119
4.12119
4.12119
4.12119
4.12119
4.12119
4.12119
4.12119
4.12119
4.12119
4.12119
4.12119
4.12119
4.12119
4.12119
4.12119
4.12119
4.12119
4.12119
4.12119
4.12119
4.12119
4.12119
4.12119
4.12119
4.12119
4.12119
4.12119
4.12119
4.12119
4.12119
4.12119
4.12119
4.12119
4.12119
4.12119
4.12119
4.12119
4.12119
4.12119
4.12119
4.12119
4.12119
4.12119
4.12119
4.12119
4.12119
4.12119
4.12119
4.12119
4.12119
4.12119
4.12119
4.12119
4.12119
4.12119
4.12119
4.12119
4.12119
4.12119
4.12119
4.12119
4.12119
4.12119
4.12119
4.12119
4.12119
4.12119
4.12119
4.12119
4.12119
4.12119
4.12119
4.12119
4.12119
4.12119
4.12119
4.12119
4.12119
4.12119
4.12119
4.12119
4.12119
4.12119
4.12119
4.12119
4.12119
4.12119
4.12119
4.12119
4.12119
4.12119
4.12119
4.12119
4.12119
4.12119
4.12119
4.12119
4.12119
4.12119
4.12119
4.12119
4.12119
4.12119
4.12119
4.12119
4.12119
4.12119
4.12119
4.12119
4.12119
