14.5875
13.0308
11.7175
10.9
10.4056
9.88982
9.34102
9.05664
8.81377
8.56582
8.36708
8.14634
8.01572
7.90211
7.7803
7.62859
7.44934
7.3026
7.1518
7.0135
6.85589
6.58939
6.14032
5.8545
5.7336
5.63027
5.54727
5.47404
5.37491
5.25095
5.18678
5.14934
5.12491
5.11204
5.10221
5.09164
5.06358
5.01377
4.98419
4.94872
4.9321
4.88652
4.74885
4.62946
4.60202
4.57505
4.53625
4.50896
4.49965
4.48797
4.48003
4.47843
4.47794
4.47401
4.46125
4.43918
4.41464
4.40544
4.39194
4.36723
4.35816
4.35439
4.34864
4.33001
4.30804
4.29868
4.29756
4.29735
4.29731
4.29356
4.28437
4.28043
4.27899
4.27674
4.27167
4.26439
4.25381
4.24763
4.24691
4.24691
4.24683
4.24553
4.23729
4.2182
4.2109
4.21088
4.21076
4.19804
4.16432
4.14823
4.14823
4.14823
4.14823
4.14823
4.14823
4.14823
4.14823
4.14823
4.14823
4.14823
4.14823
4.14823
4.14823
4.14823
4.14823
4.14823
4.14823
4.14823
4.14823
4.14823
4.14823
4.14823
4.14823
4.14823
4.14823
4.14823
4.14822
4.14639
4.14193
4.13973
4.13959
4.13959
4.13959
4.13959
4.13959
4.13959
4.13959
4.13959
4.13959
4.13959
4.13959
4.13959
4.13959
4.13959
4.13956
4.1359
4.12697
4.12164
4.12119
4.12119
4.12119
4.12119
4.12119
4.12119
4.12119
4.12119
4.12119
4.12119
4.12119
4.12119
4.12119
4.12119
4.12119
4.12119
4.12119
4.12119
4.12119
4.12119
4.12119
4.12119
4.12119
4.12119
4.12119
4.12119
4.12119
4.12119
4.12119
4.12119
4.12119
4.12119
4.12119
4.12119
4.12119
4.12119
4.12119
4.12119
4.12119
4.12119
4.12119
4.12119
4.12119
4.12119
4.12119
4.12119
4.12119
4.12119
4.12119
4.12119
4.12119
4.12119
4.12119
4.12119
4.12119
4.12119
4.12119
4.12119
4.12119
4.12119
4.12119
4.12119
4.12119
4.12119
4.12119
4.12119
4.12119
4.12119
4.12119
4.12119
4.12119
4.12119
4.12119
4.12119
4.12119
4.12119
4.12119
4.12119
4.12119
4.12119
4.12119
4.12119
4.12119
4.12119
4.12119
4.12119
4.12119
4.12119
4.12119
4.12119
4.12119
4.12119
4.12119
4.12119
4.12119
4.12119
4.12119
4.12119
4.12119
4.12119
4.12119
4.12119
4.12119
4.12119
4.12119
4.12119
4.12119
4.12119
4.12119
4.12119
4.12119
4.12119
4.12119
4.12119
4.12119
4.12119
4.12119
4.12119
4.12119
4.12119
4.12119
4.12119
4.12119
4.12119
4.12119
4.12119
4.12119
4.12119
4.12119
4.12119
4.12119
4.12119
4.12119
4.12119
4.12119
4.12119
4.12119
4.12119
4.12119
4.12119
4.12119
4.12119
4.12119
4.12119
4.12119
4.12119
4.12119
4.12119
4.12119
4.12119
4.12119
4.12119
4.12119
4.12119
4.12119
4.12119
4.12119
4.12119
4.12119
4.12119
4.12119
4.12119
4.12119
