14.489
12.7601
11.4015
10.5418
9.49119
9.12375
8.78713
8.55034
8.30551
7.98517
7.74696
7.44974
7.14968
7.00185
6.81104
6.58169
6.37059
6.21795
6.10503
6.02092
5.87336
5.78947
5.7097
5.60541
5.49737
5.39373
5.3029
5.22599
5.16847
5.12288
5.06977
5.01132
4.97701
4.9588
4.93514
4.89824
4.84975
4.8188
4.80834
4.8034
4.79882
4.78724
4.73979
4.68667
4.66727
4.6489
4.62085
4.60332
4.59721
4.59628
4.59569
4.59493
4.59649
4.58325
4.58127
4.5804
4.5804
4.5804
4.5804
4.58039
4.57865
4.5845
4.56011
4.47997
4.44302
4.43502
4.43438
4.43426
4.42949
4.41519
4.40238
4.39336
4.38122
4.37474
4.37311
4.37311
4.37311
4.37311
4.37308
4.37064
4.36491
4.34317
4.26517
4.20235
4.17421
4.1741
4.1741
4.1741
4.1741
4.1741
4.1741
4.1741
4.1741
4.1741
4.1741
4.1741
4.1741
4.1741
4.1741
4.1741
4.17405
4.16841
4.14909
4.13397
4.12983
4.12983
4.12983
4.12983
4.12983
4.12983
4.12983
4.12983
4.12983
4.12983
4.12983
4.12983
4.12983
4.12983
4.12983
4.12983
4.12983
4.12983
4.12983
4.12983
4.12983
4.12983
4.12983
4.12983
4.12983
4.12983
4.12983
4.12983
4.12983
4.12983
4.12983
4.12983
4.12983
4.12983
4.12983
4.12983
4.12983
4.12983
4.12983
4.12983
4.12983
4.12983
4.12983
4.12983
4.12983
4.12981
4.12791
4.12357
4.12147
4.12119
4.12119
4.12119
4.12119
4.12119
4.12119
4.12119
4.12119
4.12119
4.12119
4.12119
4.12119
4.12119
4.12119
4.12119
4.12119
4.12119
4.12119
4.12119
4.12119
4.12119
4.12119
4.12119
4.12119
4.12119
4.12119
4.12119
4.12119
4.12119
4.12119
4.12119
4.12119
4.12119
4.12119
4.12119
4.12119
4.12119
4.12119
4.12119
4.12119
4.12119
4.12119
4.12119
4.12119
4.12119
4.12119
4.12119
4.12119
4.12119
4.12119
4.12119
4.12119
4.12119
4.12119
4.12119
4.12119
4.12119
4.12119
4.12119
4.12119
4.12119
4.12119
4.12119
4.12119
4.12119
4.12119
4.12119
4.12119
4.12119
4.12119
4.12119
4.12119
4.12119
4.12119
4.12119
4.12119
4.12119
4.12119
4.12119
4.12119
4.12119
4.12119
4.12119
4.12119
4.12119
4.12119
4.12119
4.12119
4.12119
4.12119
4.12119
4.12119
4.12119
4.12119
4.12119
4.12119
4.12119
4.12119
4.12119
4.12119
4.12119
4.12119
4.12119
4.12119
4.12119
4.12119
4.12119
4.12119
4.12119
4.12119
4.12119
4.12119
4.12119
4.12119
4.12119
4.12119
4.12119
4.12119
4.12119
4.12119
4.12119
4.12119
4.12119
4.12119
4.12119
4.12119
4.12119
4.12119
4.12119
4.12119
4.12119
4.12119
4.12119
4.12119
4.12119
4.12119
4.12119
4.12119
4.12119
4.12119
4.12119
4.12119
4.12119
4.12119
4.12119
4.12119
4.12119
4.12119
