14.5506
13.0507
12.177
11.4686
10.8014
10.1442
9.59214
8.96882
8.51852
8.17796
7.88889
7.57948
7.29352
7.02555
6.77211
6.6728
6.55449
6.4781
6.36761
6.29682
6.24603
6.11444
5.90301
5.69911
5.52968
5.41765
5.34848
5.29199
5.24146
5.18929
5.10806
5.0664
5.01908
4.96074
4.93832
4.94494
4.96946
4.93552
4.88526
4.86338
4.84802
4.82581
4.81101
4.80364
4.79141
4.78281
4.77717
4.76495
4.75416
4.7112
4.62867
4.57508
4.50273
4.4626
4.45762
4.45435
4.45153
4.45065
4.45065
4.45065
4.45065
4.45065
4.45065
4.45065
4.45065
4.45065
4.45065
4.45065
4.45054
4.4419
4.41604
4.40032
4.39611
4.39601
4.39601
4.39601
4.39601
4.39601
4.39591
4.38403
4.35898
4.33885
4.33121
4.32805
4.32789
4.32754
4.32738
4.32735
4.32735
4.32735
4.32735
4.32735
4.32735
4.32735
4.32735
4.32735
4.32735
4.32735
4.32735
4.32735
4.32699
4.31379
4.25797
4.16583
4.15149
4.14813
4.14813
4.14813
4.14813
4.14813
4.14813
4.14813
4.14813
4.14813
4.14813
4.14813
4.14813
4.14813
4.14811
4.14613
4.14184
4.13597
4.12603
4.12119
4.12119
4.12119
4.12119
4.12119
4.12119
4.12119
4.12119
4.12119
4.12119
4.12119
4.12119
4.12119
4.12119
4.12119
4.12119
4.12119
4.12119
4.12119
4.12119
4.12119
4.12119
4.12119
4.12119
4.12119
4.12119
4.12119
4.12119
4.12119
4.12119
4.12119
4.12119
4.12119
4.12119
4.12119
4.12119
4.12119
4.12119
4.12119
4.12119
4.12119
4.12119
4.12119
4.12119
4.12119
4.12119
4.12119
4.12119
4.12119
4.12119
4.12119
4.12119
4.12119
4.12119
4.12119
4.12119
4.12119
4.12119
4.12119
4.12119
4.12119
4.12119
4.12119
4.12119
4.12119
4.12119
4.12119
4.12119
4.12119
4.12119
4.12119
4.12119
4.12119
4.12119
4.12119
4.12119
4.12119
4.12119
4.12119
4.12119
4.12119
4.12119
4.12119
4.12119
4.12119
4.12119
4.12119
4.12119
4.12119
4.12119
4.12119
4.12119
4.12119
4.12119
4.12119
4.12119
4.12119
4.12119
4.12119
4.12119
4.12119
4.12119
4.12119
4.12119
4.12119
4.12119
4.12119
4.12119
4.12119
4.12119
4.12119
4.12119
4.12119
4.12119
4.12119
4.12119
4.12119
4.12119
4.12119
4.12119
4.12119
4.12119
4.12119
4.12119
4.12119
4.12119
4.12119
4.12119
4.12119
4.12119
4.12119
4.12119
4.12119
4.12119
4.12119
4.12119
4.12119
4.12119
4.12119
4.12119
4.12119
4.12119
4.12119
4.12119
4.12119
4.12119
4.12119
4.12119
4.12119
4.12119
4.12119
4.12119
4.12119
4.12119
4.12119
4.12119
4.12119
4.12119
4.12119
4.12119
4.12119
4.12119
4.12119
4.12119
4.12119
4.12119
4.12119
4.12119
4.12119
4.12119
4.12119
4.12119
4.12119
4.12119
4.12119
4.12119
4.12119
4.12119
