12.1819
11.7348
11.0396
10.1933
9.87755
9.09597
8.62643
8.27009
7.89404
7.62065
7.24207
7.16244
6.78154
6.66299
6.51729
6.45116
6.28631
6.28631
6.22906
6.15243
5.82567
5.67999
5.55951
5.39347
5.30947
5.28467
5.21516
5.18088
5.10848
5.03818
4.94509
4.94509
4.93561
4.93334
4.88886
4.88886
4.87938
4.85645
4.85357
4.81188
4.809
4.809
4.78569
4.78166
4.78166
4.76405
4.75126
4.74934
4.6293
4.58539
4.50666
4.45603
4.45603
4.45603
4.45065
4.45065
4.45065
4.45065
4.45065
4.45065
4.45065
4.45065
4.45065
4.45065
4.45065
4.45065
4.45065
4.45065
4.4048
4.39601
4.39601
4.39601
4.39601
4.39601
4.39601
4.39601
4.39601
4.39601
4.34411
4.34411
4.32805
4.32805
4.32805
4.32735
4.32735
4.32735
4.32735
4.32735
4.32735
4.32735
4.32735
4.32735
4.32735
4.32735
4.32735
4.32735
4.32735
4.32735
4.32735
4.32735
4.14813
4.14813
4.14813
4.14813
4.14813
4.14813
4.14813
4.14813
4.14813
4.14813
4.14813
4.14813
4.14813
4.14813
4.14813
4.14813
4.14813
4.14813
4.13949
4.13949
4.12119
4.12119
4.12119
4.12119
4.12119
4.12119
4.12119
4.12119
4.12119
4.12119
4.12119
4.12119
4.12119
4.12119
4.12119
4.12119
4.12119
4.12119
4.12119
4.12119
4.12119
4.12119
4.12119
4.12119
4.12119
4.12119
4.12119
4.12119
4.12119
4.12119
4.12119
4.12119
4.12119
4.12119
4.12119
4.12119
4.12119
4.12119
4.12119
4.12119
4.12119
4.12119
4.12119
4.12119
4.12119
4.12119
4.12119
4.12119
4.12119
4.12119
4.12119
4.12119
4.12119
4.12119
4.12119
4.12119
4.12119
4.12119
4.12119
4.12119
4.12119
4.12119
4.12119
4.12119
4.12119
4.12119
4.12119
4.12119
4.12119
4.12119
4.12119
4.12119
4.12119
4.12119
4.12119
4.12119
4.12119
4.12119
4.12119
4.12119
4.12119
4.12119
4.12119
4.12119
4.12119
4.12119
4.12119
4.12119
4.12119
4.12119
4.12119
4.12119
4.12119
4.12119
4.12119
4.12119
4.12119
4.12119
4.12119
4.12119
4.12119
4.12119
4.12119
4.12119
4.12119
4.12119
4.12119
4.12119
4.12119
4.12119
4.12119
4.12119
4.12119
4.12119
4.12119
4.12119
4.12119
4.12119
4.12119
4.12119
4.12119
4.12119
4.12119
4.12119
4.12119
4.12119
4.12119
4.12119
4.12119
4.12119
4.12119
4.12119
4.12119
4.12119
4.12119
4.12119
4.12119
4.12119
4.12119
4.12119
4.12119
4.12119
4.12119
4.12119
4.12119
4.12119
4.12119
4.12119
4.12119
4.12119
4.12119
4.12119
4.12119
4.12119
4.12119
4.12119
4.12119
4.12119
4.12119
4.12119
4.12119
4.12119
4.12119
4.12119
4.12119
4.12119
4.12119
4.12119
4.12119
4.12119
4.12119
4.12119
4.12119
4.12119
4.12119
4.12119
4.12119
4.12119
4.12119
4.12119
4.12119
