12.5887
11.7579
11.1648
10.5106
10.1842
9.62805
9.4288
9.01106
8.67961
8.28523
7.90595
7.64953
7.57124
7.43058
7.28723
7.0635
6.91777
6.77318
6.61462
6.46763
6.20696
6.20696
6.06817
5.92865
5.81523
5.73651
5.66314
5.56889
5.56889
5.54717
5.53053
5.43814
5.40238
5.2865
5.17676
5.15117
5.12945
5.09643
5.07471
5.03625
4.79965
4.79965
4.77776
4.69773
4.67585
4.56477
4.55854
4.55422
4.55422
4.4814
4.4814
4.48089
4.45559
4.43118
4.42041
4.41105
4.38207
4.37272
4.35973
4.3509
4.34346
4.33463
4.32124
4.29949
4.25374
4.23544
4.23544
4.2165
4.2165
4.2165
4.2165
4.2165
4.2165
4.2165
4.1741
4.1741
4.1741
4.1741
4.1741
4.1741
4.1741
4.1741
4.1741
4.1741
4.1741
4.1741
4.1741
4.1741
4.1741
4.1741
4.1741
4.1741
4.1741
4.1741
4.12983
4.12983
4.12983
4.12983
4.12983
4.12983
4.12983
4.12983
4.12983
4.12983
4.12983
4.12119
4.12119
4.12119
4.12119
4.12119
4.12119
4.12119
4.12119
4.12119
4.12119
4.12119
4.12119
4.12119
4.12119
4.12119
4.12119
4.12119
4.12119
4.12119
4.12119
4.12119
4.12119
4.12119
4.12119
4.12119
4.12119
4.12119
4.12119
4.12119
4.12119
4.12119
4.12119
4.12119
4.12119
4.12119
4.12119
4.12119
4.12119
4.12119
4.12119
4.12119
4.12119
4.12119
4.12119
4.12119
4.12119
4.12119
4.12119
4.12119
4.12119
4.12119
4.12119
4.12119
4.12119
4.12119
4.12119
4.12119
4.12119
4.12119
4.12119
4.12119
4.12119
4.12119
4.12119
4.12119
4.12119
4.12119
4.12119
4.12119
4.12119
4.12119
4.12119
4.12119
4.12119
4.12119
4.12119
4.12119
4.12119
4.12119
4.12119
4.12119
4.12119
4.12119
4.12119
4.12119
4.12119
4.12119
4.12119
4.12119
4.12119
4.12119
4.12119
4.12119
4.12119
4.12119
4.12119
4.12119
4.12119
4.12119
4.12119
4.12119
4.12119
4.12119
4.12119
4.12119
4.12119
4.12119
4.12119
4.12119
4.12119
4.12119
4.12119
4.12119
4.12119
4.12119
4.12119
4.12119
4.12119
4.12119
4.12119
4.12119
4.12119
4.12119
4.12119
4.12119
4.12119
4.12119
4.12119
4.12119
4.12119
4.12119
4.12119
4.12119
4.12119
4.12119
4.12119
4.12119
4.12119
4.12119
4.12119
4.12119
4.12119
4.12119
4.12119
4.12119
4.12119
4.12119
4.12119
4.12119
4.12119
4.12119
4.12119
4.12119
4.12119
4.12119
4.12119
4.12119
4.12119
4.12119
4.12119
4.12119
4.12119
4.12119
4.12119
4.12119
4.12119
4.12119
4.12119
4.12119
4.12119
4.12119
4.12119
4.12119
4.12119
4.12119
4.12119
4.12119
4.12119
4.12119
4.12119
4.12119
4.12119
4.12119
4.12119
4.12119
4.12119
4.12119
4.12119
4.12119
4.12119
4.12119
4.12119
4.12119
4.12119
4.12119
4.12119
