12.2915
11.152
10.3995
9.77885
9.38229
9.1404
8.79634
8.4962
8.36645
8.17228
8.00459
7.87198
7.78482
7.56099
7.45933
7.28274
7.11832
6.97864
6.85661
6.73602
5.88563
5.86441
5.72577
5.61486
5.55963
5.48203
5.39979
5.28339
5.18179
5.15276
5.12044
5.11094
5.10187
5.09042
5.06869
5.01524
4.96608
4.93644
4.93644
4.91228
4.62568
4.60008
4.60008
4.5771
4.52665
4.50483
4.50483
4.48487
4.47798
4.47798
4.47798
4.47798
4.45572
4.44106
4.40661
4.40661
4.39782
4.36311
4.35432
4.35432
4.35432
4.3296
4.30007
4.29734
4.29734
4.29734
4.29734
4.29734
4.28118
4.27897
4.27897
4.27897
4.26911
4.26911
4.24691
4.24691
4.24691
4.24691
4.24691
4.24691
4.21088
4.21088
4.21088
4.21088
4.21088
4.21088
4.14823
4.14823
4.14823
4.14823
4.14823
4.14823
4.14823
4.14823
4.14823
4.14823
4.14823
4.14823
4.14823
4.14823
4.14823
4.14823
4.14823
4.14823
4.14823
4.14823
4.14823
4.14823
4.14823
4.14823
4.14823
4.14823
4.14823
4.14823
4.14823
4.14823
4.13959
4.13959
4.13959
4.13959
4.13959
4.13959
4.13959
4.13959
4.13959
4.13959
4.13959
4.13959
4.13959
4.13959
4.13959
4.13959
4.13959
4.13959
4.12119
4.12119
4.12119
4.12119
4.12119
4.12119
4.12119
4.12119
4.12119
4.12119
4.12119
4.12119
4.12119
4.12119
4.12119
4.12119
4.12119
4.12119
4.12119
4.12119
4.12119
4.12119
4.12119
4.12119
4.12119
4.12119
4.12119
4.12119
4.12119
4.12119
4.12119
4.12119
4.12119
4.12119
4.12119
4.12119
4.12119
4.12119
4.12119
4.12119
4.12119
4.12119
4.12119
4.12119
4.12119
4.12119
4.12119
4.12119
4.12119
4.12119
4.12119
4.12119
4.12119
4.12119
4.12119
4.12119
4.12119
4.12119
4.12119
4.12119
4.12119
4.12119
4.12119
4.12119
4.12119
4.12119
4.12119
4.12119
4.12119
4.12119
4.12119
4.12119
4.12119
4.12119
4.12119
4.12119
4.12119
4.12119
4.12119
4.12119
4.12119
4.12119
4.12119
4.12119
4.12119
4.12119
4.12119
4.12119
4.12119
4.12119
4.12119
4.12119
4.12119
4.12119
4.12119
4.12119
4.12119
4.12119
4.12119
4.12119
4.12119
4.12119
4.12119
4.12119
4.12119
4.12119
4.12119
4.12119
4.12119
4.12119
4.12119
4.12119
4.12119
4.12119
4.12119
4.12119
4.12119
4.12119
4.12119
4.12119
4.12119
4.12119
4.12119
4.12119
4.12119
4.12119
4.12119
4.12119
4.12119
4.12119
4.12119
4.12119
4.12119
4.12119
4.12119
4.12119
4.12119
4.12119
4.12119
4.12119
4.12119
4.12119
4.12119
4.12119
4.12119
4.12119
4.12119
4.12119
4.12119
4.12119
4.12119
4.12119
4.12119
4.12119
4.12119
4.12119
4.12119
4.12119
4.12119
4.12119
4.12119
4.12119
4.12119
4.12119
4.12119
4.12119
4.12119
