12.3666
11.7311
11.3405
11.0029
10.4167
9.30855
8.90454
8.649
8.5055
8.13619
7.90109
7.70605
7.23447
6.79454
6.68829
6.59147
6.43299
6.20781
6.14229
5.96085
5.88022
5.81391
5.59209
5.55378
5.52753
5.43479
5.40854
5.38259
5.30845
5.24796
5.22688
5.18443
5.09823
5.02731
4.98744
4.87359
4.81744
4.76876
4.74474
4.6988
4.67698
4.67009
4.67009
4.6634
4.6614
4.65592
4.6202
4.61272
4.61272
4.6018
4.60065
4.57733
4.5527
4.54139
4.5108
4.4788
4.4788
4.4788
4.4788
4.4788
4.4788
4.4788
4.4788
4.4788
4.4788
4.4788
4.4788
4.4788
4.39213
4.39213
4.39213
4.39213
4.39213
4.39213
4.37213
4.37213
4.37213
4.37213
4.36708
4.34449
4.34449
4.34449
4.34449
4.34017
4.34017
4.34017
4.34017
4.34017
4.34017
4.34017
4.34017
4.34017
4.34017
4.34017
4.34017
4.34017
4.34017
4.34017
4.34017
4.34017
4.12983
4.12983
4.12983
4.12983
4.12983
4.12983
4.12983
4.12983
4.12983
4.12119
4.12119
4.12119
4.12119
4.12119
4.12119
4.12119
4.12119
4.12119
4.12119
4.12119
4.12119
4.12119
4.12119
4.12119
4.12119
4.12119
4.12119
4.12119
4.12119
4.12119
4.12119
4.12119
4.12119
4.12119
4.12119
4.12119
4.12119
4.12119
4.12119
4.12119
4.12119
4.12119
4.12119
4.12119
4.12119
4.12119
4.12119
4.12119
4.12119
4.12119
4.12119
4.12119
4.12119
4.12119
4.12119
4.12119
4.12119
4.12119
4.12119
4.12119
4.12119
4.12119
4.12119
4.12119
4.12119
4.12119
4.12119
4.12119
4.12119
4.12119
4.12119
4.12119
4.12119
4.12119
4.12119
4.12119
4.12119
4.12119
4.12119
4.12119
4.12119
4.12119
4.12119
4.12119
4.12119
4.12119
4.12119
4.12119
4.12119
4.12119
4.12119
4.12119
4.12119
4.12119
4.12119
4.12119
4.12119
4.12119
4.12119
4.12119
4.12119
4.12119
4.12119
4.12119
4.12119
4.12119
4.12119
4.12119
4.12119
4.12119
4.12119
4.12119
4.12119
4.12119
4.12119
4.12119
4.12119
4.12119
4.12119
4.12119
4.12119
4.12119
4.12119
4.12119
4.12119
4.12119
4.12119
4.12119
4.12119
4.12119
4.12119
4.12119
4.12119
4.12119
4.12119
4.12119
4.12119
4.12119
4.12119
4.12119
4.12119
4.12119
4.12119
4.12119
4.12119
4.12119
4.12119
4.12119
4.12119
4.12119
4.12119
4.12119
4.12119
4.12119
4.12119
4.12119
4.12119
4.12119
4.12119
4.12119
4.12119
4.12119
4.12119
4.12119
4.12119
4.12119
4.12119
4.12119
4.12119
4.12119
4.12119
4.12119
4.12119
4.12119
4.12119
4.12119
4.12119
4.12119
4.12119
4.12119
4.12119
4.12119
4.12119
4.12119
4.12119
4.12119
4.12119
4.12119
4.12119
4.12119
4.12119
4.12119
4.12119
4.12119
4.12119
4.12119
4.12119
4.12119
4.12119
4.12119
4.12119
