11.5923
11.0315
9.58944
9.23027
8.91716
8.58857
8.33832
8.05462
7.81102
7.61101
7.11984
7.02108
6.74774
6.60491
6.39114
6.19978
6.09914
6.04348
5.92346
5.80752
5.75443
5.62049
5.55143
5.41928
5.3162
5.23973
5.17638
5.13343
5.06582
5.00614
4.97158
4.96003
4.93783
4.88924
4.84489
4.81079
4.81079
4.7986
4.7986
4.7986
4.74843
4.67296
4.67296
4.64117
4.61665
4.59988
4.59639
4.59639
4.59548
4.59548
4.5804
4.5804
4.5804
4.5804
4.5804
4.5804
4.5804
4.5804
4.5804
4.57226
4.45065
4.43438
4.43438
4.43438
4.43438
4.43438
4.43438
4.3978
4.3978
4.3978
4.37311
4.37311
4.37311
4.37311
4.37311
4.37311
4.37311
4.37311
4.3614
4.3614
4.1741
4.1741
4.1741
4.1741
4.1741
4.1741
4.1741
4.1741
4.1741
4.1741
4.1741
4.1741
4.1741
4.1741
4.1741
4.1741
4.1741
4.1741
4.1741
4.1741
4.14823
4.12983
4.12983
4.12983
4.12983
4.12983
4.12983
4.12983
4.12983
4.12983
4.12983
4.12983
4.12983
4.12983
4.12983
4.12983
4.12983
4.12983
4.12983
4.12983
4.12983
4.12983
4.12983
4.12983
4.12983
4.12983
4.12983
4.12983
4.12983
4.12983
4.12983
4.12983
4.12983
4.12983
4.12983
4.12983
4.12983
4.12983
4.12983
4.12983
4.12983
4.12983
4.12983
4.12983
4.12983
4.12983
4.12983
4.12983
4.12983
4.12119
4.12119
4.12119
4.12119
4.12119
4.12119
4.12119
4.12119
4.12119
4.12119
4.12119
4.12119
4.12119
4.12119
4.12119
4.12119
4.12119
4.12119
4.12119
4.12119
4.12119
4.12119
4.12119
4.12119
4.12119
4.12119
4.12119
4.12119
4.12119
4.12119
4.12119
4.12119
4.12119
4.12119
4.12119
4.12119
4.12119
4.12119
4.12119
4.12119
4.12119
4.12119
4.12119
4.12119
4.12119
4.12119
4.12119
4.12119
4.12119
4.12119
4.12119
4.12119
4.12119
4.12119
4.12119
4.12119
4.12119
4.12119
4.12119
4.12119
4.12119
4.12119
4.12119
4.12119
4.12119
4.12119
4.12119
4.12119
4.12119
4.12119
4.12119
4.12119
4.12119
4.12119
4.12119
4.12119
4.12119
4.12119
4.12119
4.12119
4.12119
4.12119
4.12119
4.12119
4.12119
4.12119
4.12119
4.12119
4.12119
4.12119
4.12119
4.12119
4.12119
4.12119
4.12119
4.12119
4.12119
4.12119
4.12119
4.12119
4.12119
4.12119
4.12119
4.12119
4.12119
4.12119
4.12119
4.12119
4.12119
4.12119
4.12119
4.12119
4.12119
4.12119
4.12119
4.12119
4.12119
4.12119
4.12119
4.12119
4.12119
4.12119
4.12119
4.12119
4.12119
4.12119
4.12119
4.12119
4.12119
4.12119
4.12119
4.12119
4.12119
4.12119
4.12119
4.12119
4.12119
4.12119
4.12119
4.12119
4.12119
4.12119
4.12119
4.12119
4.12119
4.12119
4.12119
4.12119
4.12119
4.12119
4.12119
4.12119
