12.3521
11.4118
10.8054
10.4865
10.1275
9.78701
9.13051
8.8292
8.25507
7.61341
7.48364
7.3878
7.19226
7.09642
7.01457
6.91489
6.83092
6.78739
6.57072
6.335
5.75186
5.71729
5.69929
5.62668
5.54755
5.48518
5.41064
5.37607
5.27848
5.2029
5.16443
5.12576
5.08728
5.08427
5.06706
5.03027
5.01561
4.96813
4.86952
4.80784
4.78829
4.74456
4.68515
4.659
4.65551
4.63635
4.61019
4.59342
4.59342
4.58221
4.5553
4.5553
4.53684
4.53684
4.51978
4.49892
4.49892
4.49892
4.49892
4.48674
4.33417
4.33417
4.33417
4.33417
4.33417
4.33417
4.33417
4.33417
4.33417
4.24749
4.24749
4.22196
4.22196
4.22196
4.22196
4.22196
4.22196
4.22196
4.21088
4.21088
4.21088
4.21088
4.21088
4.21088
4.21088
4.21078
4.21078
4.21078
4.21078
4.21078
4.21078
4.21078
4.21078
4.21078
4.19163
4.14813
4.14813
4.14813
4.14813
4.14813
4.14813
4.14813
4.14813
4.14813
4.14813
4.14813
4.14813
4.14813
4.14813
4.14813
4.14813
4.14813
4.14813
4.14813
4.14813
4.14813
4.14813
4.14813
4.14813
4.14813
4.12119
4.12119
4.12119
4.12119
4.12119
4.12119
4.12119
4.12119
4.12119
4.12119
4.12119
4.12119
4.12119
4.12119
4.12119
4.12119
4.12119
4.12119
4.12119
4.12119
4.12119
4.12119
4.12119
4.12119
4.12119
4.12119
4.12119
4.12119
4.12119
4.12119
4.12119
4.12119
4.12119
4.12119
4.12119
4.12119
4.12119
4.12119
4.12119
4.12119
4.12119
4.12119
4.12119
4.12119
4.12119
4.12119
4.12119
4.12119
4.12119
4.12119
4.12119
4.12119
4.12119
4.12119
4.12119
4.12119
4.12119
4.12119
4.12119
4.12119
4.12119
4.12119
4.12119
4.12119
4.12119
4.12119
4.12119
4.12119
4.12119
4.12119
4.12119
4.12119
4.12119
4.12119
4.12119
4.12119
4.12119
4.12119
4.12119
4.12119
4.12119
4.12119
4.12119
4.12119
4.12119
4.12119
4.12119
4.12119
4.12119
4.12119
4.12119
4.12119
4.12119
4.12119
4.12119
4.12119
4.12119
4.12119
4.12119
4.12119
4.12119
4.12119
4.12119
4.12119
4.12119
4.12119
4.12119
4.12119
4.12119
4.12119
4.12119
4.12119
4.12119
4.12119
4.12119
4.12119
4.12119
4.12119
4.12119
4.12119
4.12119
4.12119
4.12119
4.12119
4.12119
4.12119
4.12119
4.12119
4.12119
4.12119
4.12119
4.12119
4.12119
4.12119
4.12119
4.12119
4.12119
4.12119
4.12119
4.12119
4.12119
4.12119
4.12119
4.12119
4.12119
4.12119
4.12119
4.12119
4.12119
4.12119
4.12119
4.12119
4.12119
4.12119
4.12119
4.12119
4.12119
4.12119
4.12119
4.12119
4.12119
4.12119
4.12119
4.12119
4.12119
4.12119
4.12119
4.12119
4.12119
4.12119
4.12119
4.12119
4.12119
4.12119
4.12119
4.12119
4.12119
4.12119
4.12119
4.12119
4.12119
