0.446931   -0.422534   0.354164
-0.439224   0.10777   -0.337766
-0.0775656   -0.12187   0.496598
-0.256534   -0.382592   0.11227
-0.0805684   -0.4246   -0.201285
0.288251   -0.225473   0.385058
-0.381001   0.452433   -0.461143
0.0880861   -0.157096   0.0803485
-0.373597   0.301418   -0.305178
0.162204   0.25334   -0.171083
0.484207   -0.069109   -0.0321362
0.17993   0.460747   -0.102206
0.307   -0.416711   -0.499712
-0.0197447   0.366462   -0.0774453
0.337836   -0.405266   -0.128052
0.113066   -0.393163   0.0146437
-0.152448   -0.488833   -0.392578
0.323544   -0.193147   -0.410185
0.293837   -0.0884126   -0.203292
0.377706   0.105885   -0.408627
-0.280525   0.136176   -0.235847
0.479699   -0.0938356   -0.470308
0.0543426   0.162498   -0.0332887
0.0730455   0.0433714   0.144687
-0.326915   0.216818   0.494306
0.185313   0.0276204   -0.0763508
-0.240522   -0.0441394   -0.166328
0.416424   0.336589   -0.393147
0.434208   0.0954956   0.235936
-0.0418871   0.0863712   -0.481494
-0.300225   -0.285983   -0.237851
-0.162408   0.31154   -0.408566
-0.425927   -0.28213   0.019905
-0.334121   -0.46712   -0.268733
0.0680534   0.224816   0.290272
-0.12752   0.459433   0.112232
-0.475307   0.140724   0.0670706
-0.0610583   -0.350553   -0.481237
-0.0532479   -0.258376   -0.0409991
-0.24439   0.0158618   -0.464357
-0.117767   -0.232641   -0.300247
0.0992965   0.320531   0.10948
-0.0257383   -0.0337037   -0.111331
0.250191   -0.286389   -0.258257
0.0135659   -0.486956   0.263743
-0.49862   -0.262962   -0.165755
-0.0462474   -0.343661   0.131169
0.30644   0.322067   0.0309131
0.200765   0.104248   0.376414
0.46967   -0.486311   -0.312114
-0.264948   -0.357676   -0.475702
0.358899   -0.407543   0.103038
0.235991   0.499345   0.243273
-0.141632   0.171369   -0.115089
-0.244534   -0.162179   0.0594221
0.170132   -0.0925424   -0.479785
0.107351   -0.0910235   0.305188
-0.351019   -0.112858   -0.368334
0.259409   0.175314   0.207231
0.389375   -0.24781   0.197483
-0.412697   0.331331   -0.108926
0.362581   0.115557   -0.219696
0.263869   -0.0279175   0.153801
0.212668   0.308742   -0.406942
-0.463994   -0.296957   -0.376361
-0.083968   0.0425489   0.329161
-0.271575   0.425514   0.326872
-0.321545   0.39134   0.0894489
0.334994   0.131921   0.00176024
-0.0828462   0.0580082   -0.283823
0.039794   0.26589   -0.485469
0.332467   -0.210787   -0.0108571
0.0690237   -0.365753   -0.316494
-0.48125   -0.486319   -0.0666624
0.471741   -0.101986   -0.272713
-0.231107   -0.477045   -0.0631061
0.404563   0.310737   -0.165296
-0.213485   -0.338115   0.318227
-0.0121802   -0.273696   0.354641
-0.0187557   0.252283   -0.275824
0.367037   -0.0225246   0.385127
0.290651   0.272239   0.4093
0.0862623   -0.123451   -0.308762
0.133969   -0.333182   0.480311
0.0722932   0.42704   -0.281728
-0.199749   0.397879   -0.229902
-0.282962   0.0858602   0.341719
-0.137936   0.25405   0.392477
-0.252208   -0.124727   0.293417
-0.388573   -0.256475   0.227071
-0.319478   0.242022   0.216402
-0.120078   0.0246916   0.0583516
-0.0879105   0.442115   0.421389
-0.416752   -0.268921   0.420784
0.140966   0.462637   0.401923
0.266975   -0.492664   -0.310779
-0.470138   0.308924   0.36091
-0.419456   -0.467301   0.215556
0.134362   -0.186095   -0.117038
-0.449275   0.12778   -0.138745
-0.0734218   -0.122058   0.221818
-0.0942804   0.226459   0.179313
0.1691   0.0734222   -0.301264
-0.488414   0.116485   0.431721
0.157769   -0.308179   0.207552
-0.427906   -0.0607265   0.173181
-0.316786   0.032704   0.0213345
0.452351   0.380152   0.182945
