-0.0921415   1.83813   0.114158
-0.265849   -1.08114   0.4525
0.76153   -0.746873   -0.114141
1.69479   -1.77874   -0.445138
1.4869   1.87718   0.291168
-0.0650668   -1.17304   0.436265
-0.89601   1.33684   2.70884
1.03823   -1.64792   0.860677
1.52973   -0.841329   -0.0494841
-3.14252   -0.316489   -0.185161
0.900981   -0.118257   -0.391705
-0.758454   -0.991836   0.137258
2.60045   0.28405   -0.90073
-1.01111   0.429032   0.392059
-0.215619   -0.0901484   0.943164
0.752363   -1.2805   -1.55476
0.555582   -1.21495   -1.37744
-0.828087   -0.362967   -0.963534
0.0935291   2.21342   -0.422398
-0.425766   -0.259454   0.898688
0.203286   -0.969275   -0.266835
1.18178   0.643943   0.551609
-0.0321746   0.154087   0.573802
-0.262953   1.47069   -1.16356
-0.125242   0.912327   -0.212093
-1.88901   0.191205   0.68234
1.11493   -1.25934   0.761821
0.58781   -0.572498   0.524344
1.90394   0.589784   0.370791
0.453735   -1.96318   0.882198
-0.62922   0.483538   -0.436409
1.50048   -1.96705   -0.397866
-0.684649   -0.960845   1.07434
0.591916   -0.827037   0.557111
-0.112387   0.935239   0.710075
0.518534   -1.18098   0.492669
-0.7397   0.156621   -0.0743496
1.28667   0.473504   1.32707
-1.09228   -0.470154   -0.0409742
0.248658   0.894647   -1.27699
-0.954577   1.58637   -2.15566
1.63585   0.353595   -1.05292
-0.579037   -0.896547   -0.901747
1.14839   -0.642901   0.800962
-0.0849579   1.20116   -0.632125
0.579221   0.575158   0.0975457
0.320582   0.111359   0.470488
0.984632   -0.279971   -0.447594
-2.11503   -0.14241   -0.420483
0.0545463   -1.3048   0.827728
-0.480153   -0.530364   -0.232263
-1.50423   0.413002   0.359527
-0.10573   -0.243382   0.432113
0.759313   0.676197   -0.687403
0.423087   0.199116   1.26703
0.849713   -0.189003   0.0732458
0.983424   -0.67597   -1.14165
-1.38309   0.362337   -0.792398
0.775595   0.40143   -0.602851
-0.763274   1.35889   -0.828083
0.990585   0.0709067   0.0601803
-1.40697   0.193834   -0.204123
-2.23215   0.12711   -1.26481
1.34231   -0.8798   -1.75545
0.979255   0.873782   1.3999
-0.586082   -0.114889   0.68196
-0.315851   -0.442922   0.373001
2.05799   -1.14515   -0.586319
0.246976   0.407134   0.228643
1.10507   -0.933418   -1.04235
3.33955   -1.4431   -0.200069
-2.99578   -0.427152   -0.404291
-1.6463   -0.0746574   1.26162
0.462771   -1.15912   0.77654
0.46224   1.65184   1.52874
-0.173421   1.97965   1.5252
-0.523311   -1.0457   0.0900664
-1.28359   0.928679   -0.811274
-0.84565   -1.39093   -0.843216
0.033309   0.432237   0.929467
0.499346   -0.494386   1.05179
-2.57465   1.12246   -0.6482
-0.246173   0.307324   0.181202
-1.82942   1.91344   0.052025
0.591529   2.05357   0.0435475
-0.371602   -1.55946   -0.90171
-2.29087   -0.0367941   -1.0532
-0.758088   0.000931479   -0.504415
-0.772974   -0.539249   -1.89969
-0.992577   1.73203   0.225612
-0.653901   -0.423424   -0.998097
-0.917045   -1.49689   -1.06441
-0.262473   0.875449   -1.07372
0.281565   -0.178684   0.775174
1.42797   0.143226   0.401408
-0.907659   -1.0091   -0.109266
0.688517   -0.451024   -0.954219
1.58804   -0.287123   -0.510862
0.56035   0.577166   0.264282
2.24237   -2.0179   0.612536
-0.327443   1.12212   0.130816
0.28324   0.348394   0.55484
-0.652372   1.18527   1.95368
0.304   1.64749   -1.27256
-0.419842   -0.715829   -0.0878739
0.297045   2.41039   2.18381
0.330335   2.65049   1.37635
-2.41002   -1.63173   -0.375109
