            2    -0.462332  0.000140314
            2      1.01706  0.000645279
            2   -6.312e-05  0.000591548
            2      1.36341   0.00332089
          0.5    -0.974701  0.000517762
          0.5       65.342    0.0678434
          0.5    0.0807255    0.0383093
          0.5      79.5756     0.511226
          0.5     -0.98816   0.00109188
          0.5      67.5299     0.107492
          0.5      0.92656   0.00732236
          0.5      91.2077     0.785202
          1.5     -0.57936   0.00358793
          1.5      2.74074    0.0345596
          1.5      0.01796   0.00819066
          1.5      2.24475    0.0900471
          1.5     -0.58204   0.00258373
          1.5      2.73102    0.0243641
          1.5      0.02428   0.00595232
          1.5      2.38048    0.0673824
            2      -0.4752    0.0134694
            2      1.02607    0.0634337
            2        0.034    0.0254408
            2       1.6308     0.217945
          0.5      -0.9768   0.00703653
          0.5      66.3729     0.697351
          0.5       0.9452    0.0158544
          0.5      91.8288      2.25057
          0.5      -0.9768   0.00703653
          0.5            0            0
          0.5       0.9452    0.0158544
          0.5      45.9144      1.12528
          0.5      -0.9768   0.00703653
          0.5            0            0
          0.5       0.9452    0.0158544
          0.5      91.8288      2.25057
          0.5           -1            0
          0.5            0            0
          0.5            1            0
          0.5          100            0
          0.5      -0.9504   0.00849233
          0.5            0            0
          0.5      -0.7816    0.0332844
          0.5      72.0576       3.8484
          0.5     -0.97445   0.00146566
          0.5 -1.89953e+08       569724
          0.5    -0.118681    0.0737186
          0.5      79.6885      1.42679
          0.5    -0.972372   0.00160871
          0.5 -1.89153e+08       622353
          0.5    0.0503092    0.0702472
          0.5      77.3266      1.55985
          0.5    -0.972372   0.00160871
          0.5     0.291649     0.010762
          0.5    0.0503092    0.0702472
          0.5      77.3266      1.55985
          0.5      -0.9768   0.00703653
          0.5            0            0
          0.5       0.9452    0.0158544
          0.5      91.8288      2.25057
          0.5     -0.98816   0.00109188
          0.5            0            0
          0.5      0.92656   0.00732236
          0.5      91.2077     0.785202
          0.5    -0.969552  0.000426762
          0.5            0            0
          0.5    -0.032516   0.00862254
          0.5      74.4464     0.379451
          0.5    -0.976512  0.000404475
          0.5            0            0
          0.5    -0.254828   0.00864097
          0.5      81.1526     0.343341
          0.5     -1.00582  0.000339056
          0.5            0            0
          0.5      0.93612   0.00187339
          0.5      91.1413     0.238523
            1        -0.74   0.00883519
            1            0            0
            1      -0.1148    0.0280182
            1       4.5448     0.443804
            1      -0.7588   0.00305914
            1            0            0
            1     -0.05844    0.0108914
            1      6.09592     0.247912
            2      -0.4588   0.00408892
            2            0            0
            2      0.02684   0.00722744
            2       1.3226    0.0556517
            2    -0.471433    0.0040085
            2            0            0
            2      0.00764   0.00781821
            2      1.52804     0.058681
            2     -0.46504   0.00390398
            2            0            0
            2     -0.00136   0.00732802
            2            0            0
            2    -0.465733   0.00401815
            2            0            0
            2      0.04264   0.00729613
            2            0            0
            2    -0.461643  0.000521119
            2     0.195463  0.000884405
            2    0.0005648   0.00181756
            2      1.36346    0.0109777
            2    -0.461643  0.000521119
            2     0.195463  0.000884405
            2    0.0005648   0.00181756
            2      1.37165    0.0110329
            2    -0.462713  0.000538913
            2     0.196322  0.000969596
            2    0.0241492   0.00175649
            2      1.37862    0.0101867
            0    -0.679998      1.6e-06
            0         -nan         -nan
            0    0.0800008        8e-07
            0          inf         -nan
          0.5    -0.972372   0.00160871
          0.5     0.291649     0.010762
          0.5    0.0503092    0.0702472
          0.5      77.3266      1.55985
          0.5      -0.9768   0.00703653
          0.5            0            0
          0.5       0.9452    0.0158544
          0.5      91.8288      2.25057
          0.5     -0.98816   0.00109188
          0.5            0            0
          0.5      0.92656   0.00732236
          0.5      91.2077     0.785202
          0.5    -0.969552  0.000426762
          0.5            0            0
          0.5    -0.032516   0.00862254
          0.5      74.4464     0.379451
            1     -0.74728   0.00283179
            1            0            0
            1       0.0118    0.0120924
            1      7.31096     0.275809
          0.6      -0.9364   0.00196868
          0.6            0            0
          0.6     -0.01968    0.0229897
          0.6      44.0323      1.12346
          0.5     -0.97068   0.00096718
          0.5            0            0
          0.5       0.7682   0.00877739
          0.5      74.4139     0.850403
          0.6     -0.93468    0.0012688
          0.6            0            0
          0.6      -0.0331    0.0160908
          0.6      43.2219     0.756984
