0.474867   0.467089   -0.450711
-0.339109   -0.378174   -0.446282
0.484902   -0.359074   -0.291595
-0.350917   0.444666   -0.267469
-0.195066   0.454404   -0.450154
-0.0450654   -0.355075   -0.419532
-0.200827   -0.37989   -0.261335
-0.0214392   0.454157   -0.285891
0.141602   0.463169   -0.422708
0.29298   -0.370728   -0.442282
0.129951   -0.369346   -0.266495
0.309769   0.473771   -0.2768
0.466257   -0.198504   -0.453688
-0.355909   -0.0428454   -0.455666
0.486226   -0.0346915   -0.282775
-0.35751   -0.219236   -0.293881
-0.203213   -0.184548   -0.466164
-0.0334045   -0.0205227   -0.4521
-0.18998   -0.0151788   -0.277502
-0.0140668   -0.202675   -0.252934
0.138743   -0.200004   -0.430374
0.286846   -0.0351677   -0.433111
0.1455   -0.0403059   -0.271067
0.313215   -0.210475   -0.287066
0.477694   0.125891   -0.426947
-0.375241   0.295019   -0.456326
0.492487   0.31492   -0.275819
-0.360407   0.135701   -0.276336
-0.213802   0.125765   -0.461151
-0.0157094   0.300132   -0.440259
-0.191936   0.282086   -0.306578
-0.0148611   0.149976   -0.269829
0.162402   0.129271   -0.422878
0.31083   0.306234   -0.447086
0.154997   0.290901   -0.274478
0.309203   0.137958   -0.269518
0.481731   0.453685   -0.0982472
-0.360605   -0.381009   -0.114238
-0.497473   -0.352512   0.0577549
-0.361149   0.43656   0.0626594
-0.195911   0.456381   -0.094663
-0.0379853   -0.374819   -0.100644
-0.207373   -0.35588   0.0533194
-0.0324277   0.474406   0.06368
0.146371   0.475776   -0.10304
0.328641   -0.367772   -0.115435
0.124524   -0.373346   0.0613235
0.315717   0.464368   0.072374
0.497261   -0.193798   -0.132731
-0.350284   -0.0240943   -0.117484
0.478046   -0.0365018   0.0543658
-0.355788   -0.172271   0.0547384
-0.196836   -0.178845   -0.107138
-0.0330306   -0.0273514   -0.12838
-0.201536   -0.00801312   0.0572772
-0.0296239   -0.195907   0.0580653
0.140607   -0.20799   -0.107907
0.312902   -0.0320757   -0.113705
0.148732   -0.0401659   0.0532596
0.306848   -0.214369   0.0500003
0.476872   0.125495   -0.103208
-0.357937   0.293972   -0.101415
0.457458   0.299336   0.0520921
-0.369264   0.146372   0.05636
-0.196235   0.14141   -0.119518
-0.0262694   0.292887   -0.0960146
-0.190556   0.289617   0.0636807
-0.0419168   0.128609   0.0623665
0.133853   0.132169   -0.112923
0.298902   0.307549   -0.122228
0.156406   0.286756   0.0522454
0.31067   0.122223   0.0518684
0.475307   0.465234   0.219914
-0.355123   -0.369242   0.218482
0.474922   -0.370086   0.378961
-0.347971   0.464016   0.393013
-0.166402   0.465371   0.243776
-0.0416472   -0.357416   0.232364
-0.201014   -0.36818   0.395412
-0.0160616   0.452964   0.397702
0.15032   0.480785   0.237713
0.3251   -0.360032   0.208171
0.139515   -0.365887   0.389543
0.312217   0.483672   0.387315
0.483802   -0.202649   0.212053
-0.361439   -0.0324106   0.220315
0.481381   -0.0399101   0.394193
-0.3486   -0.19773   0.38848
-0.196466   -0.186422   0.213232
-0.0365003   -0.0385386   0.231055
-0.187816   -0.0237586   0.375876
-0.0196169   -0.204469   0.392818
0.133121   -0.217184   0.208889
0.311627   -0.0447353   0.218231
0.142596   -0.0303222   0.356182
0.29538   -0.198351   0.377991
0.473208   0.11894   0.21814
-0.321028   0.303215   0.247971
0.483823   0.293025   0.372448
-0.362423   0.137998   0.39247
-0.170709   0.13269   0.241289
-0.00491718   0.290531   0.22854
-0.167953   0.284933   0.39653
-0.0108999   0.132784   0.392872
0.130833   0.118024   0.208679
0.307046   0.295436   0.236563
0.144479   0.277696   0.389964
0.309723   0.12923   0.397297
