-0.0785785   1.56757   0.097354
-0.226717   -0.921996   0.385893
0.649435   -0.636936   -0.0973401
1.44532   -1.51691   -0.379615
1.26804   1.60086   0.248309
-0.0554892   -1.00037   0.372048
-0.76412   1.14006   2.31011
0.885406   -1.40535   0.733988
1.30455   -0.717488   -0.0422002
-2.67995   -0.269903   -0.157906
0.768359   -0.10085   -0.334047
-0.646812   -0.845841   0.117054
2.21768   0.242239   -0.768145
-0.862282   0.365879   0.334349
-0.18388   -0.0768788   0.804333
0.641617   -1.09202   -1.3259
0.473802   -1.03612   -1.17468
-0.706195   -0.309539   -0.821705
0.0797619   1.88761   -0.360222
-0.363094   -0.221263   0.766404
0.173363   -0.8266   -0.227557
1.00783   0.549157   0.470413
-0.0274386   0.131406   0.48934
-0.224247   1.25421   -0.992288
-0.106807   0.778035   -0.180874
-1.61095   0.163061   0.581902
0.950816   -1.07397   0.649683
0.501286   -0.488228   0.447162
1.62369   0.502969   0.316212
0.386947   -1.6742   0.752341
-0.536601   0.412363   -0.372171
1.27961   -1.6775   -0.339301
-0.583871   -0.819411   0.916197
0.504788   -0.705299   0.475106
-0.0958438   0.797575   0.605554
0.442207   -1.00714   0.42015
-0.630818   0.133567   -0.0634055
1.09728   0.403805   1.13173
-0.931501   -0.400949   -0.0349429
0.212056   0.762957   -1.08902
-0.814066   1.35286   -1.83835
1.39506   0.301547   -0.897933
-0.493804   -0.764578   -0.769013
0.979352   -0.548268   0.683062
-0.0724523   1.02436   -0.539078
0.493961   0.490496   0.0831873
0.273394   0.0949669   0.401234
0.839697   -0.23876   -0.381709
-1.80371   -0.121448   -0.358589
0.0465173   -1.11273   0.705889
-0.409476   -0.452296   -0.198075
-1.28281   0.352209   0.306606
-0.0901666   -0.207557   0.368507
0.647545   0.576663   -0.586219
0.36081   0.169806   1.08053
0.724638   -0.161182   0.0624642
0.838667   -0.576469   -0.973603
-1.17951   0.309002   -0.675759
0.661429   0.342341   -0.514113
-0.650922   1.15887   -0.706192
0.844774   0.0604694   0.0513219
-1.19987   0.165303   -0.174077
-1.90358   0.1084   -1.07863
1.14473   -0.750296   -1.49705
0.835112   0.745164   1.19384
-0.499812   -0.0979775   0.581578
-0.269358   -0.377725   0.318096
1.75506   -0.976585   -0.500014
0.210622   0.347205   0.194988
0.942405   -0.796022   -0.888921
2.84797   -1.23068   -0.170619
-2.55481   -0.364276   -0.34478
-1.40397   -0.0636681   1.07592
0.394652   -0.988502   0.662236
0.394199   1.4087   1.30371
-0.147894   1.68825   1.3007
-0.446281   -0.891777   0.0768089
-1.09465   0.79198   -0.691856
-0.721172   -1.18619   -0.719097
0.028406   0.368613   0.792652
0.425844   -0.421614   0.896967
-2.19567   0.957241   -0.552786
-0.209937   0.262086   0.154529
-1.56014   1.63178   0.0443671
0.504457   1.75129   0.0371374
-0.316903   -1.32991   -0.768981
-1.95366   -0.0313781   -0.898172
-0.6465   0.000794368   -0.430167
-0.659194   -0.459873   -1.62006
-0.846472   1.47708   0.192403
-0.557649   -0.361098   -0.85118
-0.782059   -1.27656   -0.907733
-0.223838   0.746585   -0.91567
0.240119   -0.152383   0.66107
1.21778   0.122144   0.342322
-0.774054   -0.860566   -0.0931827
0.587169   -0.384634   -0.813761
1.35429   -0.244859   -0.435665
0.477868   0.492209   0.22538
1.9123   -1.72087   0.522373
-0.279244   0.956945   0.111561
0.241548   0.297111   0.473169
-0.556344   1.0108   1.6661
0.259252   1.40499   -1.08524
-0.358042   -0.610461   -0.0749391
0.253321   2.05558   1.86236
0.281711   2.26035   1.17375
-2.05527   -1.39154   -0.319894
